INFO  time: initialize in 1.81s
INFO  running 'C:\Program Files\Java\jdk1.8.0_144\jre\bin\java -Djline.terminal=jline.UnsupportedTerminal -Dsbt.log.noformat=true -Dfile.encoding=UTF-8 -jar C:\Users\FRANKZ~1\AppData\Local\Temp\metals9051163339767295308\sbt-launch.jar metalsEnable bloopInstall'
ERROR Getting org.scala-sbt sbt 0.13.17  (this may take some time)...
INFO  downloading https://repo.typesafe.com/typesafe/ivy-releases/org.scala-sbt/sbt/0.13.17/jars/sbt.jar ...
INFO  	[SUCCESSFUL ] org.scala-sbt#sbt;0.13.17!sbt.jar (5337ms)
INFO  downloading https://repo1.maven.org/maven2/org/scala-lang/scala-library/2.10.7/scala-library-2.10.7.jar ...
INFO  	[SUCCESSFUL ] org.scala-lang#scala-library;2.10.7!scala-library.jar (2173ms)
INFO  downloading https://repo.typesafe.com/typesafe/ivy-releases/org.scala-sbt/main/0.13.17/jars/main.jar ...
INFO  	[SUCCESSFUL ] org.scala-sbt#main;0.13.17!main.jar (5583ms)
INFO  downloading https://repo.typesafe.com/typesafe/ivy-releases/org.scala-sbt/compiler-interface/0.13.17/jars/compiler-interface.jar ...
INFO  	[SUCCESSFUL ] org.scala-sbt#compiler-interface;0.13.17!compiler-interface.jar (5332ms)
INFO  downloading https://repo.typesafe.com/typesafe/ivy-releases/org.scala-sbt/actions/0.13.17/jars/actions.jar ...
INFO  	[SUCCESSFUL ] org.scala-sbt#actions;0.13.17!actions.jar (5531ms)
INFO  downloading https://repo.typesafe.com/typesafe/ivy-releases/org.scala-sbt/main-settings/0.13.17/jars/main-settings.jar ...
INFO  	[SUCCESSFUL ] org.scala-sbt#main-settings;0.13.17!main-settings.jar (4373ms)
INFO  downloading https://repo.typesafe.com/typesafe/ivy-releases/org.scala-sbt/interface/0.13.17/jars/interface.jar ...
INFO  	[SUCCESSFUL ] org.scala-sbt#interface;0.13.17!interface.jar (5015ms)
INFO  downloading https://repo.typesafe.com/typesafe/ivy-releases/org.scala-sbt/io/0.13.17/jars/io.jar ...
INFO  	[SUCCESSFUL ] org.scala-sbt#io;0.13.17!io.jar (4995ms)
INFO  downloading https://repo.typesafe.com/typesafe/ivy-releases/org.scala-sbt/ivy/0.13.17/jars/ivy.jar ...
INFO  	[SUCCESSFUL ] org.scala-sbt#ivy;0.13.17!ivy.jar (5412ms)
INFO  downloading https://repo.typesafe.com/typesafe/ivy-releases/org.scala-sbt/logging/0.13.17/jars/logging.jar ...
INFO  	[SUCCESSFUL ] org.scala-sbt#logging;0.13.17!logging.jar (5447ms)
INFO  downloading https://repo.typesafe.com/typesafe/ivy-releases/org.scala-sbt/logic/0.13.17/jars/logic.jar ...
INFO  	[SUCCESSFUL ] org.scala-sbt#logic;0.13.17!logic.jar (5685ms)
INFO  downloading https://repo.typesafe.com/typesafe/ivy-releases/org.scala-sbt/process/0.13.17/jars/process.jar ...
INFO  	[SUCCESSFUL ] org.scala-sbt#process;0.13.17!process.jar (5166ms)
INFO  downloading https://repo.typesafe.com/typesafe/ivy-releases/org.scala-sbt/run/0.13.17/jars/run.jar ...
INFO  	[SUCCESSFUL ] org.scala-sbt#run;0.13.17!run.jar (5169ms)
INFO  downloading https://repo.typesafe.com/typesafe/ivy-releases/org.scala-sbt/command/0.13.17/jars/command.jar ...
INFO  	[SUCCESSFUL ] org.scala-sbt#command;0.13.17!command.jar (5251ms)
INFO  downloading https://repo1.maven.org/maven2/org/scala-sbt/launcher-interface/1.0.1/launcher-interface-1.0.1.jar ...
INFO  	[SUCCESSFUL ] org.scala-sbt#launcher-interface;1.0.1!launcher-interface.jar (1245ms)
INFO  downloading https://repo.typesafe.com/typesafe/ivy-releases/org.scala-sbt/classpath/0.13.17/jars/classpath.jar ...
INFO  	[SUCCESSFUL ] org.scala-sbt#classpath;0.13.17!classpath.jar (5858ms)
INFO  downloading https://repo.typesafe.com/typesafe/ivy-releases/org.scala-sbt/completion/0.13.17/jars/completion.jar ...
INFO  	[SUCCESSFUL ] org.scala-sbt#completion;0.13.17!completion.jar (4756ms)
INFO  downloading https://repo.typesafe.com/typesafe/ivy-releases/org.scala-sbt/api/0.13.17/jars/api.jar ...
INFO  	[SUCCESSFUL ] org.scala-sbt#api;0.13.17!api.jar (5435ms)
INFO  downloading https://repo.typesafe.com/typesafe/ivy-releases/org.scala-sbt/compiler-integration/0.13.17/jars/compiler-integration.jar ...
INFO  	[SUCCESSFUL ] org.scala-sbt#compiler-integration;0.13.17!compiler-integration.jar (6025ms)
INFO  downloading https://repo.typesafe.com/typesafe/ivy-releases/org.scala-sbt/compiler-ivy-integration/0.13.17/jars/compiler-ivy-integration.jar ...
INFO  	[SUCCESSFUL ] org.scala-sbt#compiler-ivy-integration;0.13.17!compiler-ivy-integration.jar (4334ms)
INFO  downloading https://repo.typesafe.com/typesafe/ivy-releases/org.scala-sbt/relation/0.13.17/jars/relation.jar ...
INFO  	[SUCCESSFUL ] org.scala-sbt#relation;0.13.17!relation.jar (4634ms)
INFO  downloading https://repo.typesafe.com/typesafe/ivy-releases/org.scala-sbt/task-system/0.13.17/jars/task-system.jar ...
INFO  	[SUCCESSFUL ] org.scala-sbt#task-system;0.13.17!task-system.jar (5786ms)
INFO  downloading https://repo.typesafe.com/typesafe/ivy-releases/org.scala-sbt/tasks/0.13.17/jars/tasks.jar ...
INFO  	[SUCCESSFUL ] org.scala-sbt#tasks;0.13.17!tasks.jar (4847ms)
INFO  downloading https://repo.typesafe.com/typesafe/ivy-releases/org.scala-sbt/tracking/0.13.17/jars/tracking.jar ...
INFO  	[SUCCESSFUL ] org.scala-sbt#tracking;0.13.17!tracking.jar (4277ms)
INFO  downloading https://repo.typesafe.com/typesafe/ivy-releases/org.scala-sbt/testing/0.13.17/jars/testing.jar ...
INFO  	[SUCCESSFUL ] org.scala-sbt#testing;0.13.17!testing.jar (4772ms)
INFO  downloading https://repo1.maven.org/maven2/org/scala-lang/scala-compiler/2.10.7/scala-compiler-2.10.7.jar ...
INFO  	[SUCCESSFUL ] org.scala-lang#scala-compiler;2.10.7!scala-compiler.jar (2618ms)
INFO  downloading https://repo1.maven.org/maven2/org/scala-lang/scala-reflect/2.10.7/scala-reflect-2.10.7.jar ...
INFO  	[SUCCESSFUL ] org.scala-lang#scala-reflect;2.10.7!scala-reflect.jar (1213ms)
INFO  downloading https://repo.typesafe.com/typesafe/ivy-releases/org.scala-sbt/control/0.13.17/jars/control.jar ...
INFO  	[SUCCESSFUL ] org.scala-sbt#control;0.13.17!control.jar (4622ms)
INFO  downloading https://repo.typesafe.com/typesafe/ivy-releases/org.scala-sbt/collections/0.13.17/jars/collections.jar ...
INFO  	[SUCCESSFUL ] org.scala-sbt#collections;0.13.17!collections.jar (5452ms)
INFO  downloading https://repo1.maven.org/maven2/jline/jline/2.14.5/jline-2.14.5.jar ...
INFO  	[SUCCESSFUL ] jline#jline;2.14.5!jline.jar (1737ms)
INFO  downloading https://repo.typesafe.com/typesafe/ivy-releases/org.scala-sbt/classfile/0.13.17/jars/classfile.jar ...
INFO  	[SUCCESSFUL ] org.scala-sbt#classfile;0.13.17!classfile.jar (5441ms)
INFO  downloading https://repo.typesafe.com/typesafe/ivy-releases/org.scala-sbt/incremental-compiler/0.13.17/jars/incremental-compiler.jar ...
INFO  	[SUCCESSFUL ] org.scala-sbt#incremental-compiler;0.13.17!incremental-compiler.jar (4620ms)
INFO  downloading https://repo.typesafe.com/typesafe/ivy-releases/org.scala-sbt/compile/0.13.17/jars/compile.jar ...
INFO  	[SUCCESSFUL ] org.scala-sbt#compile;0.13.17!compile.jar (5589ms)
INFO  downloading https://repo.typesafe.com/typesafe/ivy-releases/org.scala-sbt/persist/0.13.17/jars/persist.jar ...
INFO  	[SUCCESSFUL ] org.scala-sbt#persist;0.13.17!persist.jar (4523ms)
INFO  downloading https://repo.typesafe.com/typesafe/ivy-releases/org.scala-tools.sbinary/sbinary_2.10/0.4.2/jars/sbinary_2.10.jar ...
INFO  	[SUCCESSFUL ] org.scala-tools.sbinary#sbinary_2.10;0.4.2!sbinary_2.10.jar (5209ms)
INFO  downloading https://repo.typesafe.com/typesafe/ivy-releases/org.scala-sbt/cross/0.13.17/jars/cross.jar ...
INFO  	[SUCCESSFUL ] org.scala-sbt#cross;0.13.17!cross.jar (4285ms)
INFO  downloading https://repo1.maven.org/maven2/org/scala-sbt/ivy/ivy/2.3.0-sbt-b18f59ea3bc914a297bb6f1a4f7fb0ace399e310/ivy-2.3.0-sbt-b18f59ea3bc914a297bb6f1a4f7fb0ace399e310.jar ...
INFO  	[SUCCESSFUL ] org.scala-sbt.ivy#ivy;2.3.0-sbt-b18f59ea3bc914a297bb6f1a4f7fb0ace399e310!ivy.jar (1691ms)
INFO  downloading https://repo1.maven.org/maven2/com/jcraft/jsch/0.1.50/jsch-0.1.50.jar ...
INFO  	[SUCCESSFUL ] com.jcraft#jsch;0.1.50!jsch.jar (881ms)
INFO  downloading https://repo1.maven.org/maven2/org/scala-sbt/serialization_2.10/0.1.2/serialization_2.10-0.1.2.jar ...
INFO  	[SUCCESSFUL ] org.scala-sbt#serialization_2.10;0.1.2!serialization_2.10.jar (1050ms)
INFO  downloading https://repo1.maven.org/maven2/org/scala-lang/modules/scala-pickling_2.10/0.10.1/scala-pickling_2.10-0.10.1.jar ...
INFO  	[SUCCESSFUL ] org.scala-lang.modules#scala-pickling_2.10;0.10.1!scala-pickling_2.10.jar (787ms)
INFO  downloading https://repo1.maven.org/maven2/org/json4s/json4s-core_2.10/3.2.10/json4s-core_2.10-3.2.10.jar ...
INFO  	[SUCCESSFUL ] org.json4s#json4s-core_2.10;3.2.10!json4s-core_2.10.jar (771ms)
INFO  downloading https://repo1.maven.org/maven2/org/spire-math/jawn-parser_2.10/0.6.0/jawn-parser_2.10-0.6.0.jar ...
INFO  	[SUCCESSFUL ] org.spire-math#jawn-parser_2.10;0.6.0!jawn-parser_2.10.jar (814ms)
INFO  downloading https://repo1.maven.org/maven2/org/spire-math/json4s-support_2.10/0.6.0/json4s-support_2.10-0.6.0.jar ...
INFO  	[SUCCESSFUL ] org.spire-math#json4s-support_2.10;0.6.0!json4s-support_2.10.jar (598ms)
INFO  downloading https://repo1.maven.org/maven2/org/scalamacros/quasiquotes_2.10/2.0.1/quasiquotes_2.10-2.0.1.jar ...
INFO  	[SUCCESSFUL ] org.scalamacros#quasiquotes_2.10;2.0.1!quasiquotes_2.10.jar (745ms)
INFO  downloading https://repo1.maven.org/maven2/org/json4s/json4s-ast_2.10/3.2.10/json4s-ast_2.10-3.2.10.jar ...
INFO  	[SUCCESSFUL ] org.json4s#json4s-ast_2.10;3.2.10!json4s-ast_2.10.jar (688ms)
INFO  downloading https://repo1.maven.org/maven2/com/thoughtworks/paranamer/paranamer/2.6/paranamer-2.6.jar ...
INFO  	[SUCCESSFUL ] com.thoughtworks.paranamer#paranamer;2.6!paranamer.jar (707ms)
INFO  downloading https://repo.typesafe.com/typesafe/ivy-releases/org.scala-sbt/cache/0.13.17/jars/cache.jar ...
INFO  	[SUCCESSFUL ] org.scala-sbt#cache;0.13.17!cache.jar (6278ms)
INFO  downloading https://repo.typesafe.com/typesafe/ivy-releases/org.scala-sbt/test-agent/0.13.17/jars/test-agent.jar ...
INFO  	[SUCCESSFUL ] org.scala-sbt#test-agent;0.13.17!test-agent.jar (4615ms)
INFO  downloading https://repo.typesafe.com/typesafe/ivy-releases/org.scala-sbt/apply-macro/0.13.17/jars/apply-macro.jar ...
INFO  	[SUCCESSFUL ] org.scala-sbt#apply-macro;0.13.17!apply-macro.jar (3966ms)
INFO  :: retrieving :: org.scala-sbt#boot-app
INFO  	confs: [default]
INFO  	49 artifacts copied, 0 already retrieved (17577kB/5079ms)
ERROR Getting Scala 2.10.7 (for sbt)...
INFO  downloading https://repo1.maven.org/maven2/org/scala-lang/jline/2.10.7/jline-2.10.7.jar ...
INFO  	[SUCCESSFUL ] org.scala-lang#jline;2.10.7!jline.jar (1123ms)
INFO  downloading file:/C:/Users/FrankZhang(AWARE)/.sbt/preloaded/org.fusesource.jansi/jansi/1.4/jars/jansi.jar ...
INFO  	[SUCCESSFUL ] org.fusesource.jansi#jansi;1.4!jansi.jar (157ms)
INFO  :: retrieving :: org.scala-sbt#boot-scala
INFO  	confs: [default]
INFO  	5 artifacts copied, 0 already retrieved (24560kB/288ms)
INFO  [info] Loading global plugins from C:\Users\FrankZhang(AWARE)\.sbt\0.13\plugins
INFO  [info] Updating {file:/C:/Users/FrankZhang(AWARE)/.sbt/0.13/plugins/}global-plugins...
INFO  [info] Resolving ch.epfl.scala#sbt-bloop;1.3.2 ...
INFO  [info] Resolving ch.epfl.scala#sbt-bloop;1.3.2 ...
INFO  [info] Resolving ch.epfl.scala#bloop-config_2.10;1.3.2 ...
INFO  [info] Resolving ch.epfl.scala#bloop-config_2.10;1.3.2 ...
INFO  [info] Resolving org.scala-lang#scala-library;2.10.7 ...
INFO  [info] Resolving io.circe#circe-parser_2.10;0.9.3 ...
INFO  [info] Resolving io.circe#circe-parser_2.10;0.9.3 ...
INFO  [info] Resolving io.circe#circe-jawn_2.10;0.9.3 ...
INFO  [info] Resolving io.circe#circe-jawn_2.10;0.9.3 ...
INFO  [info] Resolving io.circe#circe-core_2.10;0.9.3 ...
INFO  [info] Resolving io.circe#circe-core_2.10;0.9.3 ...
INFO  [info] Resolving io.circe#circe-numbers_2.10;0.9.3 ...
INFO  [info] Resolving io.circe#circe-numbers_2.10;0.9.3 ...
INFO  [info] Resolving org.typelevel#cats-core_2.10;1.0.1 ...
INFO  [info] Resolving org.typelevel#cats-core_2.10;1.0.1 ...
INFO  [info] Resolving org.typelevel#cats-macros_2.10;1.0.1 ...
INFO  [info] Resolving org.typelevel#cats-macros_2.10;1.0.1 ...
INFO  [info] Resolving org.typelevel#machinist_2.10;0.6.2 ...
INFO  [info] Resolving org.typelevel#machinist_2.10;0.6.2 ...
INFO  [info] Resolving org.scala-lang#scala-reflect;2.10.7 ...
INFO  [info] Resolving org.typelevel#cats-kernel_2.10;1.0.1 ...
INFO  [info] Resolving org.typelevel#cats-kernel_2.10;1.0.1 ...
INFO  [info] Resolving org.spire-math#jawn-parser_2.10;0.11.1 ...
INFO  [info] Resolving org.spire-math#jawn-parser_2.10;0.11.1 ...
INFO  [info] Resolving io.circe#circe-generic_2.10;0.9.3 ...
INFO  [info] Resolving io.circe#circe-generic_2.10;0.9.3 ...
INFO  [info] Resolving org.typelevel#macro-compat_2.10;1.1.1 ...
INFO  [info] Resolving org.typelevel#macro-compat_2.10;1.1.1 ...
INFO  [info] Resolving org.scalamacros#quasiquotes_2.10;2.1.1 ...
INFO  [info] Resolving org.scalamacros#quasiquotes_2.10;2.1.1 ...
INFO  [info] Resolving com.chuusai#shapeless_2.10;2.3.3 ...
INFO  [info] Resolving com.chuusai#shapeless_2.10;2.3.3 ...
INFO  [info] Resolving org.scalameta#sbt-metals;0.6.1 ...
INFO  [info] Resolving org.scalameta#sbt-metals;0.6.1 ...
INFO  [info] Resolving org.scala-sbt#sbt;0.13.17 ...
INFO  [info] Resolving org.scala-sbt#main;0.13.17 ...
INFO  [info] Resolving org.scala-sbt#actions;0.13.17 ...
INFO  [info] Resolving org.scala-sbt#classpath;0.13.17 ...
INFO  [info] Resolving org.scala-lang#scala-compiler;2.10.7 ...
INFO  [info] Resolving org.scala-sbt#interface;0.13.17 ...
INFO  [info] Resolving org.scala-sbt#io;0.13.17 ...
INFO  [info] Resolving org.scala-sbt#control;0.13.17 ...
INFO  [info] Resolving org.scala-sbt#launcher-interface;1.0.1 ...
INFO  [info] Resolving org.scala-sbt#completion;0.13.17 ...
INFO  [info] Resolving org.scala-sbt#collections;0.13.17 ...
INFO  [info] Resolving jline#jline;2.14.5 ...
INFO  [info] Resolving org.scala-sbt#api;0.13.17 ...
INFO  [info] Resolving org.scala-sbt#classfile;0.13.17 ...
INFO  [info] Resolving org.scala-sbt#logging;0.13.17 ...
INFO  [info] Resolving org.scala-sbt#process;0.13.17 ...
INFO  [info] Resolving org.scala-sbt#compiler-integration;0.13.17 ...
INFO  [info] Resolving org.scala-sbt#incremental-compiler;0.13.17 ...
INFO  [info] Resolving org.scala-sbt#relation;0.13.17 ...
INFO  [info] Resolving org.scala-sbt#compile;0.13.17 ...
INFO  [info] Resolving org.scala-sbt#persist;0.13.17 ...
INFO  [info] Resolving org.scala-tools.sbinary#sbinary_2.10;0.4.2 ...
INFO  [info] Resolving org.scala-sbt#compiler-ivy-integration;0.13.17 ...
INFO  [info] Resolving org.scala-sbt#ivy;0.13.17 ...
INFO  [info] Resolving org.scala-sbt#cross;0.13.17 ...
INFO  [info] Resolving org.scala-sbt.ivy#ivy;2.3.0-sbt-b18f59ea3bc914a297bb6f1a4f7fb0ace399e310 ...
INFO  [info] Resolving com.jcraft#jsch;0.1.50 ...
INFO  [info] Resolving org.scala-sbt#serialization_2.10;0.1.2 ...
INFO  [info] Resolving org.scala-lang.modules#scala-pickling_2.10;0.10.1 ...
INFO  [info] Resolving org.scalamacros#quasiquotes_2.10;2.0.1 ...
INFO  [info] Resolving org.json4s#json4s-core_2.10;3.2.10 ...
INFO  [info] Resolving org.json4s#json4s-ast_2.10;3.2.10 ...
INFO  [info] Resolving com.thoughtworks.paranamer#paranamer;2.6 ...
INFO  [info] Resolving org.spire-math#jawn-parser_2.10;0.6.0 ...
INFO  [info] Resolving org.spire-math#json4s-support_2.10;0.6.0 ...
INFO  [info] Resolving org.scala-sbt#run;0.13.17 ...
INFO  [info] Resolving org.scala-sbt#task-system;0.13.17 ...
INFO  [info] Resolving org.scala-sbt#tasks;0.13.17 ...
INFO  [info] Resolving org.scala-sbt#tracking;0.13.17 ...
INFO  [info] Resolving org.scala-sbt#cache;0.13.17 ...
INFO  [info] Resolving org.scala-sbt#testing;0.13.17 ...
INFO  [info] Resolving org.scala-sbt#test-agent;0.13.17 ...
INFO  [info] Resolving org.scala-sbt#test-interface;1.0 ...
INFO  [info] Resolving org.scala-sbt#main-settings;0.13.17 ...
INFO  [info] Resolving org.scala-sbt#apply-macro;0.13.17 ...
INFO  [info] Resolving org.scala-sbt#command;0.13.17 ...
INFO  [info] Resolving org.scala-sbt#template-resolver;0.1 ...
INFO  [info] Resolving org.scala-sbt#logic;0.13.17 ...
INFO  [info] Resolving org.scala-sbt#compiler-interface;0.13.17 ...
INFO  [info] Resolving org.scala-lang#jline;2.10.7 ...
INFO  [info] Resolving org.fusesource.jansi#jansi;1.4 ...
INFO  [info] downloading https://repo1.maven.org/maven2/ch/epfl/scala/sbt-bloop_2.10_0.13/1.3.2/sbt-bloop-1.3.2.jar ...
INFO  [info] 	[SUCCESSFUL ] ch.epfl.scala#sbt-bloop;1.3.2!sbt-bloop.jar (1630ms)
INFO  [info] downloading https://repo1.maven.org/maven2/org/scalameta/sbt-metals_2.10_0.13/0.6.1/sbt-metals-0.6.1.jar ...
INFO  [info] 	[SUCCESSFUL ] org.scalameta#sbt-metals;0.6.1!sbt-metals.jar (936ms)
INFO  [info] downloading https://repo1.maven.org/maven2/ch/epfl/scala/bloop-config_2.10/1.3.2/bloop-config_2.10-1.3.2.jar ...
INFO  [info] 	[SUCCESSFUL ] ch.epfl.scala#bloop-config_2.10;1.3.2!bloop-config_2.10.jar (723ms)
INFO  [info] downloading https://repo1.maven.org/maven2/io/circe/circe-parser_2.10/0.9.3/circe-parser_2.10-0.9.3.jar ...
INFO  [info] 	[SUCCESSFUL ] io.circe#circe-parser_2.10;0.9.3!circe-parser_2.10.jar (569ms)
INFO  [info] downloading https://repo1.maven.org/maven2/io/circe/circe-core_2.10/0.9.3/circe-core_2.10-0.9.3.jar ...
INFO  [info] 	[SUCCESSFUL ] io.circe#circe-core_2.10;0.9.3!circe-core_2.10.jar (730ms)
INFO  [info] downloading https://repo1.maven.org/maven2/io/circe/circe-generic_2.10/0.9.3/circe-generic_2.10-0.9.3.jar ...
INFO  [info] 	[SUCCESSFUL ] io.circe#circe-generic_2.10;0.9.3!circe-generic_2.10.jar (835ms)
INFO  [info] downloading https://repo1.maven.org/maven2/io/circe/circe-jawn_2.10/0.9.3/circe-jawn_2.10-0.9.3.jar ...
INFO  [info] 	[SUCCESSFUL ] io.circe#circe-jawn_2.10;0.9.3!circe-jawn_2.10.jar (767ms)
INFO  [info] downloading https://repo1.maven.org/maven2/org/spire-math/jawn-parser_2.10/0.11.1/jawn-parser_2.10-0.11.1.jar ...
INFO  [info] 	[SUCCESSFUL ] org.spire-math#jawn-parser_2.10;0.11.1!jawn-parser_2.10.jar (701ms)
INFO  [info] downloading https://repo1.maven.org/maven2/io/circe/circe-numbers_2.10/0.9.3/circe-numbers_2.10-0.9.3.jar ...
INFO  [info] 	[SUCCESSFUL ] io.circe#circe-numbers_2.10;0.9.3!circe-numbers_2.10.jar (780ms)
INFO  [info] downloading https://repo1.maven.org/maven2/org/typelevel/cats-core_2.10/1.0.1/cats-core_2.10-1.0.1.jar ...
INFO  [info] 	[SUCCESSFUL ] org.typelevel#cats-core_2.10;1.0.1!cats-core_2.10.jar (1565ms)
INFO  [info] downloading https://repo1.maven.org/maven2/org/typelevel/cats-macros_2.10/1.0.1/cats-macros_2.10-1.0.1.jar ...
INFO  [info] 	[SUCCESSFUL ] org.typelevel#cats-macros_2.10;1.0.1!cats-macros_2.10.jar (885ms)
INFO  [info] downloading https://repo1.maven.org/maven2/org/typelevel/cats-kernel_2.10/1.0.1/cats-kernel_2.10-1.0.1.jar ...
INFO  [info] 	[SUCCESSFUL ] org.typelevel#cats-kernel_2.10;1.0.1!cats-kernel_2.10.jar (1148ms)
INFO  [info] downloading https://repo1.maven.org/maven2/org/typelevel/machinist_2.10/0.6.2/machinist_2.10-0.6.2.jar ...
INFO  [info] 	[SUCCESSFUL ] org.typelevel#machinist_2.10;0.6.2!machinist_2.10.jar (688ms)
INFO  [info] downloading https://repo1.maven.org/maven2/org/typelevel/macro-compat_2.10/1.1.1/macro-compat_2.10-1.1.1.jar ...
INFO  [info] 	[SUCCESSFUL ] org.typelevel#macro-compat_2.10;1.1.1!macro-compat_2.10.jar (776ms)
INFO  [info] downloading https://repo1.maven.org/maven2/org/scalamacros/quasiquotes_2.10/2.1.1/quasiquotes_2.10-2.1.1.jar ...
INFO  [info] 	[SUCCESSFUL ] org.scalamacros#quasiquotes_2.10;2.1.1!quasiquotes_2.10.jar (721ms)
INFO  [info] downloading https://repo1.maven.org/maven2/com/chuusai/shapeless_2.10/2.3.3/shapeless_2.10-2.3.3.jar ...
INFO  [info] 	[SUCCESSFUL ] com.chuusai#shapeless_2.10;2.3.3!shapeless_2.10.jar(bundle) (1293ms)
INFO  [info] Done updating.
INFO  [info] Loading project definition from D:\example\project
INFO  [info] Updating {file:/D:/example/project/}example-build...
INFO  [info] Resolving org.scala-sbt#global-plugins;0.0 ...
INFO  [info] Resolving ch.epfl.scala#sbt-bloop;1.3.2 ...
INFO  [info] Resolving ch.epfl.scala#bloop-config_2.10;1.3.2 ...
INFO  [info] Resolving org.scala-lang#scala-library;2.10.7 ...
INFO  [info] Resolving io.circe#circe-parser_2.10;0.9.3 ...
INFO  [info] Resolving io.circe#circe-jawn_2.10;0.9.3 ...
INFO  [info] Resolving io.circe#circe-core_2.10;0.9.3 ...
INFO  [info] Resolving io.circe#circe-numbers_2.10;0.9.3 ...
INFO  [info] Resolving org.typelevel#cats-core_2.10;1.0.1 ...
INFO  [info] Resolving org.typelevel#cats-macros_2.10;1.0.1 ...
INFO  [info] Resolving org.typelevel#machinist_2.10;0.6.2 ...
INFO  [info] Resolving org.scala-lang#scala-reflect;2.10.7 ...
INFO  [info] Resolving org.typelevel#cats-kernel_2.10;1.0.1 ...
INFO  [info] Resolving org.spire-math#jawn-parser_2.10;0.11.1 ...
INFO  [info] Resolving io.circe#circe-generic_2.10;0.9.3 ...
INFO  [info] Resolving org.typelevel#macro-compat_2.10;1.1.1 ...
INFO  [info] Resolving org.scalamacros#quasiquotes_2.10;2.1.1 ...
INFO  [info] Resolving com.chuusai#shapeless_2.10;2.3.3 ...
INFO  [info] Resolving org.scalameta#sbt-metals;0.6.1 ...
INFO  [info] Resolving org.scalastyle#scalastyle_2.10;0.8.0 ...
INFO  [info] Resolving org.scalastyle#scalastyle_2.10;0.8.0 ...
INFO  [info] Resolving org.scalariform#scalariform_2.10;0.1.7 ...
INFO  [info] Resolving org.scalariform#scalariform_2.10;0.1.7 ...
INFO  [info] Resolving com.typesafe#config;1.2.0 ...
INFO  [info] Resolving org.scalaj#scalaj-http_2.10;2.2.1 ...
INFO  [info] Resolving org.scalaj#scalaj-http_2.10;2.2.1 ...
INFO  [info] Resolving commons-codec#commons-codec;1.10 ...
INFO  [info] Resolving commons-codec#commons-codec;1.10 ...
INFO  [info] Resolving org.apache.commons#commons-parent;35 ...
INFO  [info] Resolving org.apache.commons#commons-parent;35 ...
INFO  [info] Resolving org.apache#apache;15 ...
INFO  [info] Resolving org.apache#apache;15 ...
INFO  [info] Resolving org.apache.commons#commons-lang3;3.4 ...
INFO  [info] Resolving org.apache.commons#commons-lang3;3.4 ...
INFO  [info] Resolving org.apache.commons#commons-parent;37 ...
INFO  [info] Resolving org.apache.commons#commons-parent;37 ...
INFO  [info] Resolving org.apache#apache;16 ...
INFO  [info] Resolving org.apache#apache;16 ...
INFO  [info] Resolving com.typesafe.sbteclipse#sbteclipse-plugin;5.2.4 ...
INFO  [info] Resolving com.typesafe.sbteclipse#sbteclipse-plugin;5.2.4 ...
INFO  [info] Resolving org.scalaz#scalaz-core_2.10;7.2.14 ...
INFO  [info] Resolving org.scalaz#scalaz-core_2.10;7.2.14 ...
INFO  [info] Resolving org.scalaz#scalaz-effect_2.10;7.2.14 ...
INFO  [info] Resolving org.scalaz#scalaz-effect_2.10;7.2.14 ...
INFO  [info] Resolving org.scala-js#sbt-scalajs;0.6.22 ...
INFO  [info] Resolving org.scala-js#sbt-scalajs;0.6.22 ...
INFO  [info] Resolving org.scala-js#scalajs-tools_2.10;0.6.22 ...
INFO  [info] Resolving org.scala-js#scalajs-tools_2.10;0.6.22 ...
INFO  [info] Resolving org.scala-js#scalajs-ir_2.10;0.6.22 ...
INFO  [info] Resolving org.scala-js#scalajs-ir_2.10;0.6.22 ...
INFO  [info] Resolving org.scala-js#closure-compiler-java-6;v20160517 ...
INFO  [info] Resolving org.scala-js#closure-compiler-java-6;v20160517 ...
INFO  [info] Resolving org.scala-js#closure-compiler-main-java-6;v20160517 ...
INFO  [info] Resolving org.scala-js#closure-compiler-main-java-6;v20160517 ...
INFO  [info] Resolving org.scala-js#closure-compiler-parent-java-6;v20160517 ...
INFO  [info] Resolving org.scala-js#closure-compiler-parent-java-6;v20160517 ...
INFO  [info] Resolving org.sonatype.oss#oss-parent;9 ...
INFO  [info] Resolving org.scala-js#closure-compiler-externs-java-6;v20160517 ...
INFO  [info] Resolving org.scala-js#closure-compiler-externs-java-6;v20160517 ...
INFO  [info] Resolving org.scala-js#closure-compiler-parent-java-6;v20160517 ...
INFO  [info] Resolving args4j#args4j;2.0.26 ...
INFO  [info] Resolving args4j#args4j;2.0.26 ...
INFO  [info] Resolving args4j#args4j-site;2.0.26 ...
INFO  [info] Resolving args4j#args4j-site;2.0.26 ...
INFO  [info] Resolving org.kohsuke#pom;6 ...
INFO  [info] Resolving org.kohsuke#pom;6 ...
INFO  [info] Resolving com.google.guava#guava;19.0 ...
INFO  [info] Resolving com.google.guava#guava;19.0 ...
INFO  [info] Resolving com.google.guava#guava-parent;19.0 ...
INFO  [info] Resolving com.google.guava#guava-parent;19.0 ...
INFO  [info] Resolving org.sonatype.oss#oss-parent;7 ...
INFO  [info] Resolving org.sonatype.oss#oss-parent;7 ...
INFO  [info] Resolving com.google.protobuf#protobuf-java;2.5.0 ...
INFO  [info] Resolving com.google.protobuf#protobuf-java;2.5.0 ...
INFO  [info] Resolving com.google#google;1 ...
INFO  [info] Resolving com.google#google;1 ...
INFO  [info] Resolving com.google.code.gson#gson;2.2.4 ...
INFO  [info] Resolving com.google.code.gson#gson;2.2.4 ...
INFO  [info] Resolving org.sonatype.oss#oss-parent;7 ...
INFO  [info] Resolving com.google.code.findbugs#jsr305;1.3.9 ...
INFO  [info] Resolving com.google.code.findbugs#jsr305;1.3.9 ...
INFO  [info] Resolving com.googlecode.json-simple#json-simple;1.1.1 ...
INFO  [info] Resolving com.googlecode.json-simple#json-simple;1.1.1 ...
INFO  [info] Resolving org.scala-js#scalajs-js-envs_2.10;0.6.22 ...
INFO  [info] Resolving org.scala-js#scalajs-js-envs_2.10;0.6.22 ...
INFO  [info] Resolving io.apigee#rhino;1.7R5pre4 ...
INFO  [info] Resolving io.apigee#rhino;1.7R5pre4 ...
INFO  [info] Resolving org.sonatype.oss#oss-parent;7 ...
INFO  [info] Resolving org.webjars#envjs;1.2 ...
INFO  [info] Resolving org.webjars#envjs;1.2 ...
INFO  [info] Resolving org.sonatype.oss#oss-parent;7 ...
INFO  [info] Resolving org.scala-js#scalajs-sbt-test-adapter_2.10;0.6.22 ...
INFO  [info] Resolving org.scala-js#scalajs-sbt-test-adapter_2.10;0.6.22 ...
INFO  [info] Resolving org.scala-sbt#test-interface;1.0 ...
INFO  [info] Resolving io.get-coursier#sbt-coursier;1.0.2 ...
INFO  [info] Resolving io.get-coursier#sbt-coursier;1.0.2 ...
INFO  [info] Resolving io.get-coursier#coursier_2.10;1.0.2 ...
INFO  [info] Resolving io.get-coursier#coursier_2.10;1.0.2 ...
INFO  [info] Resolving org.scalaz#scalaz-core_2.10;7.2.16 ...
INFO  [info] Resolving org.scalaz#scalaz-core_2.10;7.2.16 ...
INFO  [info] Resolving io.get-coursier#coursier-cache_2.10;1.0.2 ...
INFO  [info] Resolving io.get-coursier#coursier-cache_2.10;1.0.2 ...
INFO  [info] Resolving org.scalaz#scalaz-concurrent_2.10;7.2.16 ...
INFO  [info] Resolving org.scalaz#scalaz-concurrent_2.10;7.2.16 ...
INFO  [info] Resolving org.scalaz#scalaz-effect_2.10;7.2.16 ...
INFO  [info] Resolving org.scalaz#scalaz-effect_2.10;7.2.16 ...
INFO  [info] Resolving io.get-coursier#coursier-extra_2.10;1.0.2 ...
INFO  [info] Resolving io.get-coursier#coursier-extra_2.10;1.0.2 ...
INFO  [info] Resolving io.get-coursier#sbt-shared;1.0.2 ...
INFO  [info] Resolving io.get-coursier#sbt-shared;1.0.2 ...
INFO  [info] Resolving com.dwijnand#sbt-compat;1.2.5 ...
INFO  [info] Resolving com.dwijnand#sbt-compat;1.2.5 ...
INFO  [info] Resolving org.scala-sbt#sbt;0.13.17 ...
INFO  [info] Resolving org.scala-sbt#main;0.13.17 ...
INFO  [info] Resolving org.scala-sbt#actions;0.13.17 ...
INFO  [info] Resolving org.scala-sbt#classpath;0.13.17 ...
INFO  [info] Resolving org.scala-lang#scala-compiler;2.10.7 ...
INFO  [info] Resolving org.scala-sbt#interface;0.13.17 ...
INFO  [info] Resolving org.scala-sbt#io;0.13.17 ...
INFO  [info] Resolving org.scala-sbt#control;0.13.17 ...
INFO  [info] Resolving org.scala-sbt#launcher-interface;1.0.1 ...
INFO  [info] Resolving org.scala-sbt#completion;0.13.17 ...
INFO  [info] Resolving org.scala-sbt#collections;0.13.17 ...
INFO  [info] Resolving jline#jline;2.14.5 ...
INFO  [info] Resolving org.scala-sbt#api;0.13.17 ...
INFO  [info] Resolving org.scala-sbt#classfile;0.13.17 ...
INFO  [info] Resolving org.scala-sbt#logging;0.13.17 ...
INFO  [info] Resolving org.scala-sbt#process;0.13.17 ...
INFO  [info] Resolving org.scala-sbt#compiler-integration;0.13.17 ...
INFO  [info] Resolving org.scala-sbt#incremental-compiler;0.13.17 ...
INFO  [info] Resolving org.scala-sbt#relation;0.13.17 ...
INFO  [info] Resolving org.scala-sbt#compile;0.13.17 ...
INFO  [info] Resolving org.scala-sbt#persist;0.13.17 ...
INFO  [info] Resolving org.scala-tools.sbinary#sbinary_2.10;0.4.2 ...
INFO  [info] Resolving org.scala-sbt#compiler-ivy-integration;0.13.17 ...
INFO  [info] Resolving org.scala-sbt#ivy;0.13.17 ...
INFO  [info] Resolving org.scala-sbt#cross;0.13.17 ...
INFO  [info] Resolving org.scala-sbt.ivy#ivy;2.3.0-sbt-b18f59ea3bc914a297bb6f1a4f7fb0ace399e310 ...
INFO  [info] Resolving com.jcraft#jsch;0.1.50 ...
INFO  [info] Resolving org.scala-sbt#serialization_2.10;0.1.2 ...
INFO  [info] Resolving org.scala-lang.modules#scala-pickling_2.10;0.10.1 ...
INFO  [info] Resolving org.scalamacros#quasiquotes_2.10;2.0.1 ...
INFO  [info] Resolving org.json4s#json4s-core_2.10;3.2.10 ...
INFO  [info] Resolving org.json4s#json4s-ast_2.10;3.2.10 ...
INFO  [info] Resolving com.thoughtworks.paranamer#paranamer;2.6 ...
INFO  [info] Resolving org.spire-math#jawn-parser_2.10;0.6.0 ...
INFO  [info] Resolving org.spire-math#json4s-support_2.10;0.6.0 ...
INFO  [info] Resolving org.scala-sbt#run;0.13.17 ...
INFO  [info] Resolving org.scala-sbt#task-system;0.13.17 ...
INFO  [info] Resolving org.scala-sbt#tasks;0.13.17 ...
INFO  [info] Resolving org.scala-sbt#tracking;0.13.17 ...
INFO  [info] Resolving org.scala-sbt#cache;0.13.17 ...
INFO  [info] Resolving org.scala-sbt#testing;0.13.17 ...
INFO  [info] Resolving org.scala-sbt#test-agent;0.13.17 ...
INFO  [info] Resolving org.scala-sbt#main-settings;0.13.17 ...
INFO  [info] Resolving org.scala-sbt#apply-macro;0.13.17 ...
INFO  [info] Resolving org.scala-sbt#command;0.13.17 ...
INFO  [info] Resolving org.scala-sbt#template-resolver;0.1 ...
INFO  [info] Resolving org.scala-sbt#logic;0.13.17 ...
INFO  [info] Resolving org.scala-sbt#compiler-interface;0.13.17 ...
INFO  [info] Resolving org.scala-lang#jline;2.10.7 ...
INFO  [info] Resolving org.fusesource.jansi#jansi;1.4 ...
INFO  [info] downloading https://repo1.maven.org/maven2/org/scalastyle/scalastyle_2.10/0.8.0/scalastyle_2.10-0.8.0.jar ...
INFO  [info] 	[SUCCESSFUL ] org.scalastyle#scalastyle_2.10;0.8.0!scalastyle_2.10.jar (1768ms)
INFO  [info] downloading https://repo1.maven.org/maven2/org/scalaj/scalaj-http_2.10/2.2.1/scalaj-http_2.10-2.2.1.jar ...
INFO  [info] 	[SUCCESSFUL ] org.scalaj#scalaj-http_2.10;2.2.1!scalaj-http_2.10.jar (761ms)
INFO  [info] downloading https://repo1.maven.org/maven2/commons-codec/commons-codec/1.10/commons-codec-1.10.jar ...
INFO  [info] 	[SUCCESSFUL ] commons-codec#commons-codec;1.10!commons-codec.jar (778ms)
INFO  [info] downloading https://repo1.maven.org/maven2/org/apache/commons/commons-lang3/3.4/commons-lang3-3.4.jar ...
INFO  [info] 	[SUCCESSFUL ] org.apache.commons#commons-lang3;3.4!commons-lang3.jar (1121ms)
INFO  [info] downloading https://repo.scala-sbt.org/scalasbt/sbt-plugin-releases/com.typesafe.sbteclipse/sbteclipse-plugin/scala_2.10/sbt_0.13/5.2.4/jars/sbteclipse-plugin.jar ...
INFO  [info] 	[SUCCESSFUL ] com.typesafe.sbteclipse#sbteclipse-plugin;5.2.4!sbteclipse-plugin.jar (6605ms)
INFO  [info] downloading https://repo.scala-sbt.org/scalasbt/sbt-plugin-releases/org.scala-js/sbt-scalajs/scala_2.10/sbt_0.13/0.6.22/jars/sbt-scalajs.jar ...
INFO  [info] 	[SUCCESSFUL ] org.scala-js#sbt-scalajs;0.6.22!sbt-scalajs.jar (4865ms)
INFO  [info] downloading https://repo1.maven.org/maven2/io/get-coursier/sbt-coursier_2.10_0.13/1.0.2/sbt-coursier-1.0.2.jar ...
INFO  [info] 	[SUCCESSFUL ] io.get-coursier#sbt-coursier;1.0.2!sbt-coursier.jar (1646ms)
INFO  [info] downloading https://repo1.maven.org/maven2/org/scalariform/scalariform_2.10/0.1.7/scalariform_2.10-0.1.7.jar ...
INFO  [info] 	[SUCCESSFUL ] org.scalariform#scalariform_2.10;0.1.7!scalariform_2.10.jar (860ms)
INFO  [info] downloading https://repo1.maven.org/maven2/org/scala-js/scalajs-tools_2.10/0.6.22/scalajs-tools_2.10-0.6.22.jar ...
INFO  [info] 	[SUCCESSFUL ] org.scala-js#scalajs-tools_2.10;0.6.22!scalajs-tools_2.10.jar (974ms)
INFO  [info] downloading https://repo1.maven.org/maven2/org/scala-js/scalajs-js-envs_2.10/0.6.22/scalajs-js-envs_2.10-0.6.22.jar ...
INFO  [info] 	[SUCCESSFUL ] org.scala-js#scalajs-js-envs_2.10;0.6.22!scalajs-js-envs_2.10.jar (924ms)
INFO  [info] downloading https://repo1.maven.org/maven2/org/scala-js/scalajs-sbt-test-adapter_2.10/0.6.22/scalajs-sbt-test-adapter_2.10-0.6.22.jar ...
INFO  [info] 	[SUCCESSFUL ] org.scala-js#scalajs-sbt-test-adapter_2.10;0.6.22!scalajs-sbt-test-adapter_2.10.jar (791ms)
INFO  [info] downloading https://repo1.maven.org/maven2/org/scala-js/scalajs-ir_2.10/0.6.22/scalajs-ir_2.10-0.6.22.jar ...
INFO  [info] 	[SUCCESSFUL ] org.scala-js#scalajs-ir_2.10;0.6.22!scalajs-ir_2.10.jar (849ms)
INFO  [info] downloading https://repo1.maven.org/maven2/org/scala-js/closure-compiler-java-6/v20160517/closure-compiler-java-6-v20160517.jar ...
INFO  [info] 	[SUCCESSFUL ] org.scala-js#closure-compiler-java-6;v20160517!closure-compiler-java-6.jar (2728ms)
INFO  [info] downloading https://repo1.maven.org/maven2/com/googlecode/json-simple/json-simple/1.1.1/json-simple-1.1.1.jar ...
INFO  [info] 	[SUCCESSFUL ] com.googlecode.json-simple#json-simple;1.1.1!json-simple.jar(bundle) (670ms)
INFO  [info] downloading https://repo1.maven.org/maven2/org/scala-js/closure-compiler-externs-java-6/v20160517/closure-compiler-externs-java-6-v20160517.jar ...
INFO  [info] 	[SUCCESSFUL ] org.scala-js#closure-compiler-externs-java-6;v20160517!closure-compiler-externs-java-6.jar (583ms)
INFO  [info] downloading https://repo1.maven.org/maven2/args4j/args4j/2.0.26/args4j-2.0.26.jar ...
INFO  [info] 	[SUCCESSFUL ] args4j#args4j;2.0.26!args4j.jar(bundle) (651ms)
INFO  [info] downloading https://repo1.maven.org/maven2/com/google/guava/guava/19.0/guava-19.0.jar ...
INFO  [info] 	[SUCCESSFUL ] com.google.guava#guava;19.0!guava.jar(bundle) (1236ms)
INFO  [info] downloading https://repo1.maven.org/maven2/com/google/protobuf/protobuf-java/2.5.0/protobuf-java-2.5.0.jar ...
INFO  [info] 	[SUCCESSFUL ] com.google.protobuf#protobuf-java;2.5.0!protobuf-java.jar(bundle) (1451ms)
INFO  [info] downloading https://repo1.maven.org/maven2/com/google/code/gson/gson/2.2.4/gson-2.2.4.jar ...
INFO  [info] 	[SUCCESSFUL ] com.google.code.gson#gson;2.2.4!gson.jar (800ms)
INFO  [info] downloading https://repo1.maven.org/maven2/com/google/code/findbugs/jsr305/1.3.9/jsr305-1.3.9.jar ...
INFO  [info] 	[SUCCESSFUL ] com.google.code.findbugs#jsr305;1.3.9!jsr305.jar (735ms)
INFO  [info] downloading https://repo1.maven.org/maven2/io/apigee/rhino/1.7R5pre4/rhino-1.7R5pre4.jar ...
INFO  [info] 	[SUCCESSFUL ] io.apigee#rhino;1.7R5pre4!rhino.jar (857ms)
INFO  [info] downloading https://repo1.maven.org/maven2/org/webjars/envjs/1.2/envjs-1.2.jar ...
INFO  [info] 	[SUCCESSFUL ] org.webjars#envjs;1.2!envjs.jar (648ms)
INFO  [info] downloading https://repo1.maven.org/maven2/io/get-coursier/coursier_2.10/1.0.2/coursier_2.10-1.0.2.jar ...
INFO  [info] 	[SUCCESSFUL ] io.get-coursier#coursier_2.10;1.0.2!coursier_2.10.jar (1556ms)
INFO  [info] downloading https://repo1.maven.org/maven2/io/get-coursier/coursier-cache_2.10/1.0.2/coursier-cache_2.10-1.0.2.jar ...
INFO  [info] 	[SUCCESSFUL ] io.get-coursier#coursier-cache_2.10;1.0.2!coursier-cache_2.10.jar (606ms)
INFO  [info] downloading https://repo1.maven.org/maven2/io/get-coursier/coursier-extra_2.10/1.0.2/coursier-extra_2.10-1.0.2.jar ...
INFO  [info] 	[SUCCESSFUL ] io.get-coursier#coursier-extra_2.10;1.0.2!coursier-extra_2.10.jar (571ms)
INFO  [info] downloading https://repo1.maven.org/maven2/io/get-coursier/sbt-shared_2.10_0.13/1.0.2/sbt-shared-1.0.2.jar ...
INFO  [info] 	[SUCCESSFUL ] io.get-coursier#sbt-shared;1.0.2!sbt-shared.jar (818ms)
INFO  [info] downloading https://repo1.maven.org/maven2/org/scalaz/scalaz-core_2.10/7.2.16/scalaz-core_2.10-7.2.16.jar ...
INFO  [info] 	[SUCCESSFUL ] org.scalaz#scalaz-core_2.10;7.2.16!scalaz-core_2.10.jar(bundle) (3550ms)
INFO  [info] downloading https://repo1.maven.org/maven2/org/scalaz/scalaz-concurrent_2.10/7.2.16/scalaz-concurrent_2.10-7.2.16.jar ...
INFO  [info] 	[SUCCESSFUL ] org.scalaz#scalaz-concurrent_2.10;7.2.16!scalaz-concurrent_2.10.jar(bundle) (602ms)
INFO  [info] downloading https://repo1.maven.org/maven2/org/scalaz/scalaz-effect_2.10/7.2.16/scalaz-effect_2.10-7.2.16.jar ...
INFO  [info] 	[SUCCESSFUL ] org.scalaz#scalaz-effect_2.10;7.2.16!scalaz-effect_2.10.jar(bundle) (582ms)
INFO  [info] downloading https://repo.scala-sbt.org/scalasbt/sbt-plugin-releases/com.dwijnand/sbt-compat/scala_2.10/sbt_0.13/1.2.5/jars/sbt-compat.jar ...
INFO  [info] 	[SUCCESSFUL ] com.dwijnand#sbt-compat;1.2.5!sbt-compat.jar (6464ms)
INFO  [info] downloading https://repo.scala-sbt.org/scalasbt/sbt-plugin-releases/com.dwijnand/sbt-compat/scala_2.10/sbt_0.13/1.2.5/docs/sbt-compat-javadoc.jar ...
INFO  [info] 	[SUCCESSFUL ] com.dwijnand#sbt-compat;1.2.5!sbt-compat.jar(doc) (8266ms)
INFO  [info] downloading https://repo.scala-sbt.org/scalasbt/sbt-plugin-releases/com.dwijnand/sbt-compat/scala_2.10/sbt_0.13/1.2.5/srcs/sbt-compat-sources.jar ...
INFO  [info] 	[SUCCESSFUL ] com.dwijnand#sbt-compat;1.2.5!sbt-compat.jar(src) (4739ms)
INFO  [info] Done updating.
INFO  [info] Compiling 8 Scala sources to D:\example\project\target\scala-2.10\sbt-0.13\classes...
INFO  [info] 'compiler-interface' not yet compiled for Scala 2.10.7. Compiling...
INFO  [info]   Compilation completed in 6.852 s
INFO  [warn] D:\example\project\CommonBuild.scala:3: trait Build in package sbt is deprecated: Use .sbt format instead
INFO  [warn] trait CommonBuild extends Build {
INFO  [warn]                           ^
INFO  [warn] one warning found
INFO  [success] Generated .bloop\example-build.json
INFO  [success] Total time: 297 s, completed Aug 20, 2019 5:01:30 PM
INFO  [info] Updating {file:/D:/example/project/}example-build...
INFO  [info] Resolving org.scala-sbt#global-plugins;0.0 ...
INFO  [info] Resolving ch.epfl.scala#sbt-bloop;1.3.2 ...
INFO  [info] Resolving ch.epfl.scala#bloop-config_2.10;1.3.2 ...
INFO  [info] Resolving org.scala-lang#scala-library;2.10.7 ...
INFO  [info] Resolving io.circe#circe-parser_2.10;0.9.3 ...
INFO  [info] Resolving io.circe#circe-jawn_2.10;0.9.3 ...
INFO  [info] Resolving io.circe#circe-core_2.10;0.9.3 ...
INFO  [info] Resolving io.circe#circe-numbers_2.10;0.9.3 ...
INFO  [info] Resolving org.typelevel#cats-core_2.10;1.0.1 ...
INFO  [info] Resolving org.typelevel#cats-macros_2.10;1.0.1 ...
INFO  [info] Resolving org.typelevel#machinist_2.10;0.6.2 ...
INFO  [info] Resolving org.scala-lang#scala-reflect;2.10.7 ...
INFO  [info] Resolving org.typelevel#cats-kernel_2.10;1.0.1 ...
INFO  [info] Resolving org.spire-math#jawn-parser_2.10;0.11.1 ...
INFO  [info] Resolving io.circe#circe-generic_2.10;0.9.3 ...
INFO  [info] Resolving org.typelevel#macro-compat_2.10;1.1.1 ...
INFO  [info] Resolving org.scalamacros#quasiquotes_2.10;2.1.1 ...
INFO  [info] Resolving com.chuusai#shapeless_2.10;2.3.3 ...
INFO  [info] Resolving org.scalameta#sbt-metals;0.6.1 ...
INFO  [info] Resolving org.scalastyle#scalastyle_2.10;0.8.0 ...
INFO  [info] Resolving org.scalariform#scalariform_2.10;0.1.7 ...
INFO  [info] Resolving com.typesafe#config;1.2.0 ...
INFO  [info] Resolving org.scalaj#scalaj-http_2.10;2.2.1 ...
INFO  [info] Resolving commons-codec#commons-codec;1.10 ...
INFO  [info] Resolving org.apache.commons#commons-lang3;3.4 ...
INFO  [info] Resolving com.typesafe.sbteclipse#sbteclipse-plugin;5.2.4 ...
INFO  [info] Resolving org.scalaz#scalaz-core_2.10;7.2.14 ...
INFO  [info] Resolving org.scalaz#scalaz-effect_2.10;7.2.14 ...
INFO  [info] Resolving org.scala-js#sbt-scalajs;0.6.22 ...
INFO  [info] Resolving org.scala-js#scalajs-tools_2.10;0.6.22 ...
INFO  [info] Resolving org.scala-js#scalajs-ir_2.10;0.6.22 ...
INFO  [info] Resolving org.scala-js#closure-compiler-java-6;v20160517 ...
INFO  [info] Resolving org.scala-js#closure-compiler-externs-java-6;v20160517 ...
INFO  [info] Resolving args4j#args4j;2.0.26 ...
INFO  [info] Resolving com.google.guava#guava;19.0 ...
INFO  [info] Resolving com.google.protobuf#protobuf-java;2.5.0 ...
INFO  [info] Resolving com.google.code.gson#gson;2.2.4 ...
INFO  [info] Resolving com.google.code.findbugs#jsr305;1.3.9 ...
INFO  [info] Resolving com.googlecode.json-simple#json-simple;1.1.1 ...
INFO  [info] Resolving org.scala-js#scalajs-js-envs_2.10;0.6.22 ...
INFO  [info] Resolving io.apigee#rhino;1.7R5pre4 ...
INFO  [info] Resolving org.webjars#envjs;1.2 ...
INFO  [info] Resolving org.scala-js#scalajs-sbt-test-adapter_2.10;0.6.22 ...
INFO  [info] Resolving org.scala-sbt#test-interface;1.0 ...
INFO  [info] Resolving io.get-coursier#sbt-coursier;1.0.2 ...
INFO  [info] Resolving io.get-coursier#coursier_2.10;1.0.2 ...
INFO  [info] Resolving org.scalaz#scalaz-core_2.10;7.2.16 ...
INFO  [info] Resolving io.get-coursier#coursier-cache_2.10;1.0.2 ...
INFO  [info] Resolving org.scalaz#scalaz-concurrent_2.10;7.2.16 ...
INFO  [info] Resolving org.scalaz#scalaz-effect_2.10;7.2.16 ...
INFO  [info] Resolving io.get-coursier#coursier-extra_2.10;1.0.2 ...
INFO  [info] Resolving io.get-coursier#sbt-shared;1.0.2 ...
INFO  [info] Resolving com.dwijnand#sbt-compat;1.2.5 ...
INFO  [info] Resolving org.scala-sbt#sbt;0.13.17 ...
INFO  [info] Resolving org.scala-sbt#main;0.13.17 ...
INFO  [info] Resolving org.scala-sbt#actions;0.13.17 ...
INFO  [info] Resolving org.scala-sbt#classpath;0.13.17 ...
INFO  [info] Resolving org.scala-lang#scala-compiler;2.10.7 ...
INFO  [info] Resolving org.scala-sbt#interface;0.13.17 ...
INFO  [info] Resolving org.scala-sbt#io;0.13.17 ...
INFO  [info] Resolving org.scala-sbt#control;0.13.17 ...
INFO  [info] Resolving org.scala-sbt#launcher-interface;1.0.1 ...
INFO  [info] Resolving org.scala-sbt#completion;0.13.17 ...
INFO  [info] Resolving org.scala-sbt#collections;0.13.17 ...
INFO  [info] Resolving jline#jline;2.14.5 ...
INFO  [info] Resolving org.scala-sbt#api;0.13.17 ...
INFO  [info] Resolving org.scala-sbt#classfile;0.13.17 ...
INFO  [info] Resolving org.scala-sbt#logging;0.13.17 ...
INFO  [info] Resolving org.scala-sbt#process;0.13.17 ...
INFO  [info] Resolving org.scala-sbt#compiler-integration;0.13.17 ...
INFO  [info] Resolving org.scala-sbt#incremental-compiler;0.13.17 ...
INFO  [info] Resolving org.scala-sbt#relation;0.13.17 ...
INFO  [info] Resolving org.scala-sbt#compile;0.13.17 ...
INFO  [info] Resolving org.scala-sbt#persist;0.13.17 ...
INFO  [info] Resolving org.scala-tools.sbinary#sbinary_2.10;0.4.2 ...
INFO  [info] Resolving org.scala-sbt#compiler-ivy-integration;0.13.17 ...
INFO  [info] Resolving org.scala-sbt#ivy;0.13.17 ...
INFO  [info] Resolving org.scala-sbt#cross;0.13.17 ...
INFO  [info] Resolving org.scala-sbt.ivy#ivy;2.3.0-sbt-b18f59ea3bc914a297bb6f1a4f7fb0ace399e310 ...
INFO  [info] Resolving com.jcraft#jsch;0.1.50 ...
INFO  [info] Resolving org.scala-sbt#serialization_2.10;0.1.2 ...
INFO  [info] Resolving org.scala-lang.modules#scala-pickling_2.10;0.10.1 ...
INFO  [info] Resolving org.scalamacros#quasiquotes_2.10;2.0.1 ...
INFO  [info] Resolving org.json4s#json4s-core_2.10;3.2.10 ...
INFO  [info] Resolving org.json4s#json4s-ast_2.10;3.2.10 ...
INFO  [info] Resolving com.thoughtworks.paranamer#paranamer;2.6 ...
INFO  [info] Resolving org.spire-math#jawn-parser_2.10;0.6.0 ...
INFO  [info] Resolving org.spire-math#json4s-support_2.10;0.6.0 ...
INFO  [info] Resolving org.scala-sbt#run;0.13.17 ...
INFO  [info] Resolving org.scala-sbt#task-system;0.13.17 ...
INFO  [info] Resolving org.scala-sbt#tasks;0.13.17 ...
INFO  [info] Resolving org.scala-sbt#tracking;0.13.17 ...
INFO  [info] Resolving org.scala-sbt#cache;0.13.17 ...
INFO  [info] Resolving org.scala-sbt#testing;0.13.17 ...
INFO  [info] Resolving org.scala-sbt#test-agent;0.13.17 ...
INFO  [info] Resolving org.scala-sbt#main-settings;0.13.17 ...
INFO  [info] Resolving org.scala-sbt#apply-macro;0.13.17 ...
INFO  [info] Resolving org.scala-sbt#command;0.13.17 ...
INFO  [info] Resolving org.scala-sbt#template-resolver;0.1 ...
INFO  [info] Resolving org.scala-sbt#logic;0.13.17 ...
INFO  [info] Resolving org.scala-sbt#compiler-interface;0.13.17 ...
INFO  [info] Resolving org.scala-lang#jline;2.10.7 ...
INFO  [info] Resolving org.fusesource.jansi#jansi;1.4 ...
INFO  [info] Done updating.
INFO  [info] Set current project to progfun1-example (in build file:/D:/example/)
INFO  [info] Set current project to progfun1-example (in build file:/D:/example/)
INFO  [info] semanticdb-scalac is enabled
ERROR Downloading https://repo1.maven.org/maven2/org/scala-lang/scala-library/2.11.12/scala-library-2.11.12.pom.sha1
ERROR Downloading https://repo1.maven.org/maven2/org/scalatest/scalatest_2.11/2.2.4/scalatest_2.11-2.2.4.pom
ERROR Downloading https://repo1.maven.org/maven2/org/scala-lang/scala-library/2.11.12/scala-library-2.11.12.pom
ERROR Downloading https://repo1.maven.org/maven2/org/scala-lang/modules/scala-parser-combinators_2.11/1.0.4/scala-parser-combinators_2.11-1.0.4.pom.sha1
ERROR Downloading https://repo1.maven.org/maven2/org/scala-lang/modules/scala-parser-combinators_2.11/1.0.4/scala-parser-combinators_2.11-1.0.4.pom
ERROR Downloading https://repo1.maven.org/maven2/junit/junit/4.10/junit-4.10.pom
ERROR Downloaded https://repo1.maven.org/maven2/org/scala-lang/modules/scala-parser-combinators_2.11/1.0.4/scala-parser-combinators_2.11-1.0.4.pom.sha1
ERROR Downloaded https://repo1.maven.org/maven2/org/scala-lang/scala-library/2.11.12/scala-library-2.11.12.pom
ERROR Downloaded https://repo1.maven.org/maven2/org/scala-lang/scala-library/2.11.12/scala-library-2.11.12.pom.sha1
ERROR Downloading https://repo1.maven.org/maven2/junit/junit/4.10/junit-4.10.pom.sha1
ERROR Downloading https://repo1.maven.org/maven2/org/scalatest/scalatest_2.11/2.2.4/scalatest_2.11-2.2.4.pom.sha1
ERROR Downloaded https://repo1.maven.org/maven2/junit/junit/4.10/junit-4.10.pom
ERROR Downloaded https://repo1.maven.org/maven2/org/scalatest/scalatest_2.11/2.2.4/scalatest_2.11-2.2.4.pom
ERROR Downloaded https://repo1.maven.org/maven2/org/scala-lang/modules/scala-parser-combinators_2.11/1.0.4/scala-parser-combinators_2.11-1.0.4.pom
ERROR Downloading https://repo1.maven.org/maven2/org/scala-lang/modules/scala-parser-combinators_2.11/1.0.4/
ERROR Downloading https://repo1.maven.org/maven2/org/scala-lang/scala-library/2.11.12/
ERROR Downloaded https://repo1.maven.org/maven2/org/scalatest/scalatest_2.11/2.2.4/scalatest_2.11-2.2.4.pom.sha1
ERROR Downloading https://repo1.maven.org/maven2/org/scalatest/scalatest_2.11/2.2.4/
ERROR Downloaded https://repo1.maven.org/maven2/junit/junit/4.10/junit-4.10.pom.sha1
ERROR Downloading https://repo1.maven.org/maven2/junit/junit/4.10/
ERROR Downloaded https://repo1.maven.org/maven2/org/scala-lang/modules/scala-parser-combinators_2.11/1.0.4/
ERROR Downloaded https://repo1.maven.org/maven2/org/scala-lang/scala-library/2.11.12/
ERROR Downloaded https://repo1.maven.org/maven2/org/scalatest/scalatest_2.11/2.2.4/
ERROR Downloaded https://repo1.maven.org/maven2/junit/junit/4.10/
ERROR Downloading https://repo1.maven.org/maven2/org/scala-lang/scala-reflect/2.11.12/scala-reflect-2.11.12.pom
ERROR Downloading https://repo1.maven.org/maven2/org/hamcrest/hamcrest-core/1.1/hamcrest-core-1.1.pom
ERROR Downloading https://repo1.maven.org/maven2/org/scala-lang/modules/scala-xml_2.11/1.0.2/scala-xml_2.11-1.0.2.pom
ERROR Downloading https://repo1.maven.org/maven2/org/scala-lang/scala-reflect/2.11.12/scala-reflect-2.11.12.pom.sha1
ERROR Downloading https://repo1.maven.org/maven2/org/hamcrest/hamcrest-core/1.1/hamcrest-core-1.1.pom.sha1
ERROR Downloading https://repo1.maven.org/maven2/org/scala-lang/modules/scala-xml_2.11/1.0.2/scala-xml_2.11-1.0.2.pom.sha1
ERROR Downloaded https://repo1.maven.org/maven2/org/scala-lang/scala-reflect/2.11.12/scala-reflect-2.11.12.pom
ERROR Downloaded https://repo1.maven.org/maven2/org/hamcrest/hamcrest-core/1.1/hamcrest-core-1.1.pom.sha1
ERROR Downloaded https://repo1.maven.org/maven2/org/scala-lang/modules/scala-xml_2.11/1.0.2/scala-xml_2.11-1.0.2.pom.sha1
ERROR Downloaded https://repo1.maven.org/maven2/org/scala-lang/scala-reflect/2.11.12/scala-reflect-2.11.12.pom.sha1
ERROR Downloading https://repo1.maven.org/maven2/org/scala-lang/scala-reflect/2.11.12/
ERROR Downloaded https://repo1.maven.org/maven2/org/scala-lang/modules/scala-xml_2.11/1.0.2/scala-xml_2.11-1.0.2.pom
ERROR Downloading https://repo1.maven.org/maven2/org/scala-lang/modules/scala-xml_2.11/1.0.2/
ERROR Downloaded https://repo1.maven.org/maven2/org/scala-lang/scala-reflect/2.11.12/
ERROR Downloaded https://repo1.maven.org/maven2/org/scala-lang/modules/scala-xml_2.11/1.0.2/
ERROR Downloaded https://repo1.maven.org/maven2/org/hamcrest/hamcrest-core/1.1/hamcrest-core-1.1.pom
ERROR Downloading https://repo1.maven.org/maven2/org/hamcrest/hamcrest-core/1.1/
ERROR Downloaded https://repo1.maven.org/maven2/org/hamcrest/hamcrest-core/1.1/
ERROR Downloading https://repo1.maven.org/maven2/org/hamcrest/hamcrest-parent/1.1/hamcrest-parent-1.1.pom.sha1
ERROR Downloading https://repo1.maven.org/maven2/org/hamcrest/hamcrest-parent/1.1/hamcrest-parent-1.1.pom
ERROR Downloaded https://repo1.maven.org/maven2/org/hamcrest/hamcrest-parent/1.1/hamcrest-parent-1.1.pom.sha1
ERROR Downloaded https://repo1.maven.org/maven2/org/hamcrest/hamcrest-parent/1.1/hamcrest-parent-1.1.pom
ERROR Downloading https://repo1.maven.org/maven2/org/hamcrest/hamcrest-parent/1.1/
ERROR Downloaded https://repo1.maven.org/maven2/org/hamcrest/hamcrest-parent/1.1/
ERROR Downloading https://repo1.maven.org/maven2/org/scalameta/semanticdb-scalac_2.11.12/4.1.9/semanticdb-scalac_2.11.12-4.1.9.pom
ERROR Downloading https://repo1.maven.org/maven2/org/scalameta/semanticdb-scalac_2.11.12/4.1.9/semanticdb-scalac_2.11.12-4.1.9.pom.sha1
ERROR Downloaded https://repo1.maven.org/maven2/org/scalameta/semanticdb-scalac_2.11.12/4.1.9/semanticdb-scalac_2.11.12-4.1.9.pom.sha1
ERROR Downloaded https://repo1.maven.org/maven2/org/scalameta/semanticdb-scalac_2.11.12/4.1.9/semanticdb-scalac_2.11.12-4.1.9.pom
ERROR Downloading https://repo1.maven.org/maven2/org/scalameta/semanticdb-scalac_2.11.12/4.1.9/
ERROR Downloaded https://repo1.maven.org/maven2/org/scalameta/semanticdb-scalac_2.11.12/4.1.9/
ERROR Downloading https://repo1.maven.org/maven2/org/scala-lang/scala-compiler/2.11.12/scala-compiler-2.11.12.pom.sha1
ERROR Downloading https://repo1.maven.org/maven2/org/scala-lang/scala-compiler/2.11.12/scala-compiler-2.11.12.pom
ERROR Downloaded https://repo1.maven.org/maven2/org/scala-lang/scala-compiler/2.11.12/scala-compiler-2.11.12.pom.sha1
ERROR Downloaded https://repo1.maven.org/maven2/org/scala-lang/scala-compiler/2.11.12/scala-compiler-2.11.12.pom
ERROR Downloading https://repo1.maven.org/maven2/org/scala-lang/scala-compiler/2.11.12/
ERROR Downloaded https://repo1.maven.org/maven2/org/scala-lang/scala-compiler/2.11.12/
ERROR Downloading https://repo1.maven.org/maven2/jline/jline/2.14.3/jline-2.14.3.pom.sha1
ERROR Downloading https://repo1.maven.org/maven2/org/scala-lang/modules/scala-xml_2.11/1.0.5/scala-xml_2.11-1.0.5.pom
ERROR Downloading https://repo1.maven.org/maven2/jline/jline/2.14.3/jline-2.14.3.pom
ERROR Downloading https://repo1.maven.org/maven2/org/scala-lang/modules/scala-xml_2.11/1.0.5/scala-xml_2.11-1.0.5.pom.sha1
ERROR Downloaded https://repo1.maven.org/maven2/jline/jline/2.14.3/jline-2.14.3.pom.sha1
ERROR Downloaded https://repo1.maven.org/maven2/org/scala-lang/modules/scala-xml_2.11/1.0.5/scala-xml_2.11-1.0.5.pom
ERROR Downloaded https://repo1.maven.org/maven2/org/scala-lang/modules/scala-xml_2.11/1.0.5/scala-xml_2.11-1.0.5.pom.sha1
ERROR Downloading https://repo1.maven.org/maven2/org/scala-lang/modules/scala-xml_2.11/1.0.5/
ERROR Downloaded https://repo1.maven.org/maven2/jline/jline/2.14.3/jline-2.14.3.pom
ERROR Downloading https://repo1.maven.org/maven2/jline/jline/2.14.3/
ERROR Downloaded https://repo1.maven.org/maven2/org/scala-lang/modules/scala-xml_2.11/1.0.5/
ERROR Downloaded https://repo1.maven.org/maven2/jline/jline/2.14.3/
ERROR Downloading https://repo1.maven.org/maven2/org/sonatype/oss/oss-parent/9/
ERROR Downloaded https://repo1.maven.org/maven2/org/sonatype/oss/oss-parent/9/
ERROR Downloading https://repo1.maven.org/maven2/org/scala-lang/scala-reflect/2.11.12/scala-reflect-2.11.12.jar
ERROR Downloading https://repo1.maven.org/maven2/org/hamcrest/hamcrest-core/1.1/hamcrest-core-1.1.jar
ERROR Downloading https://repo1.maven.org/maven2/org/scala-lang/modules/scala-xml_2.11/1.0.2/scala-xml_2.11-1.0.2.jar
ERROR Downloading https://repo1.maven.org/maven2/junit/junit/4.10/junit-4.10.jar
ERROR Downloading https://repo1.maven.org/maven2/org/scala-lang/modules/scala-parser-combinators_2.11/1.0.4/scala-parser-combinators_2.11-1.0.4.jar
ERROR Downloading https://repo1.maven.org/maven2/org/scalatest/scalatest_2.11/2.2.4/scalatest_2.11-2.2.4.jar
ERROR Downloaded https://repo1.maven.org/maven2/org/hamcrest/hamcrest-core/1.1/hamcrest-core-1.1.jar
ERROR Downloading https://repo1.maven.org/maven2/org/scala-lang/scala-compiler/2.11.12/scala-compiler-2.11.12.jar
ERROR Downloaded https://repo1.maven.org/maven2/org/scala-lang/modules/scala-parser-combinators_2.11/1.0.4/scala-parser-combinators_2.11-1.0.4.jar
ERROR Downloading https://repo1.maven.org/maven2/org/scala-lang/scala-library/2.11.12/scala-library-2.11.12.jar
ERROR Downloaded https://repo1.maven.org/maven2/org/scala-lang/modules/scala-xml_2.11/1.0.2/scala-xml_2.11-1.0.2.jar
ERROR Downloading https://repo1.maven.org/maven2/org/scala-lang/modules/scala-xml_2.11/1.0.5/scala-xml_2.11-1.0.5.jar
ERROR Downloaded https://repo1.maven.org/maven2/junit/junit/4.10/junit-4.10.jar
ERROR Downloading https://repo1.maven.org/maven2/jline/jline/2.14.3/jline-2.14.3.jar
ERROR Downloaded https://repo1.maven.org/maven2/org/scala-lang/modules/scala-xml_2.11/1.0.5/scala-xml_2.11-1.0.5.jar
ERROR Downloading https://repo1.maven.org/maven2/org/scalameta/semanticdb-scalac_2.11.12/4.1.9/semanticdb-scalac_2.11.12-4.1.9.jar
ERROR Downloaded https://repo1.maven.org/maven2/org/scala-lang/scala-reflect/2.11.12/scala-reflect-2.11.12.jar
ERROR Downloaded https://repo1.maven.org/maven2/jline/jline/2.14.3/jline-2.14.3.jar
ERROR Downloaded https://repo1.maven.org/maven2/org/scala-lang/scala-library/2.11.12/scala-library-2.11.12.jar
ERROR https://repo1.maven.org/maven2/org/scala-lang/scala-compiler/2 (28.33 %, 44234
ERROR https://repo1.maven.org/maven2/org/scalatest/scalatest_2.11/2. (11.37 %, 81687
ERROR 
ERROR https://repo1.maven.org/maven2/org/scala-lang/scala-compiler/2 (55.62 %, 86833
ERROR https://repo1.maven.org/maven2/org/scalatest/scalatest_2.11/2. (18.21 %, 13083
ERROR https://repo1.maven.org/maven2/org/scalameta/semanticdb-scalac (14.36 %, 26528
ERROR 
ERROR https://repo1.maven.org/maven2/org/scala-lang/scala-compiler/2 (82.27 %, 12844
ERROR https://repo1.maven.org/maven2/org/scalameta/semanticdb-scalac (30.67 %, 56675
ERROR https://repo1.maven.org/maven2/org/scalatest/scalatest_2.11/2. (25.05 %, 17999
ERROR 
ERROR https://repo1.maven.org/maven2/org/scala-lang/scala-compiler/2 (100.00 %, 1561
ERROR https://repo1.maven.org/maven2/org/scalameta/semanticdb-scalac (44.32 %, 81906
ERROR https://repo1.maven.org/maven2/org/scalatest/scalatest_2.11/2. (30.75 %, 22095
ERROR 
ERROR Downloaded https://repo1.maven.org/maven2/org/scala-lang/scala-compiler/2.11.12/scala-compiler-2.11.12.jar
ERROR https://repo1.maven.org/maven2/org/scalameta/semanticdb-scalac (62.68 %, 11582
ERROR https://repo1.maven.org/maven2/org/scalatest/scalatest_2.11/2. (36.90 %, 26518
ERROR 
ERROR https://repo1.maven.org/maven2/org/scalameta/semanticdb-scalac (88.74 %, 16399
ERROR https://repo1.maven.org/maven2/org/scalatest/scalatest_2.11/2. (45.80 %, 32908
ERROR 
ERROR Downloaded https://repo1.maven.org/maven2/org/scalameta/semanticdb-scalac_2.11.12/4.1.9/semanticdb-scalac_2.11.12-4.1.9.jar
ERROR https://repo1.maven.org/maven2/org/scalatest/scalatest_2.11/2. (56.74 %, 40772
ERROR 
ERROR https://repo1.maven.org/maven2/org/scalatest/scalatest_2.11/2. (69.28 %, 49784
ERROR 
ERROR https://repo1.maven.org/maven2/org/scalatest/scalatest_2.11/2. (87.98 %, 63218
ERROR 
ERROR Downloaded https://repo1.maven.org/maven2/org/scalatest/scalatest_2.11/2.2.4/scalatest_2.11-2.2.4.jar
ERROR Downloading https://repo1.maven.org/maven2/org/scala-lang/scala-reflect/2.11.12/scala-reflect-2.11.12-javadoc.jar
ERROR Downloading https://repo1.maven.org/maven2/org/scala-lang/modules/scala-xml_2.11/1.0.2/scala-xml_2.11-1.0.2-sources.jar
ERROR Downloading https://repo1.maven.org/maven2/org/scala-lang/scala-reflect/2.11.12/scala-reflect-2.11.12-sources.jar
ERROR Downloading https://repo1.maven.org/maven2/org/hamcrest/hamcrest-core/1.1/hamcrest-core-1.1-javadoc.jar
ERROR Downloading https://repo1.maven.org/maven2/org/hamcrest/hamcrest-core/1.1/hamcrest-core-1.1-sources.jar
ERROR Downloading https://repo1.maven.org/maven2/org/scalatest/scalatest_2.11/2.2.4/scalatest_2.11-2.2.4-javadoc.jar
ERROR Downloading https://repo1.maven.org/maven2/junit/junit/4.10/junit-4.10-javadoc.jar
ERROR Downloaded https://repo1.maven.org/maven2/org/hamcrest/hamcrest-core/1.1/hamcrest-core-1.1-sources.jar
ERROR Downloading https://repo1.maven.org/maven2/org/scalatest/scalatest_2.11/2.2.4/scalatest_2.11-2.2.4-sources.jar
ERROR Downloaded https://repo1.maven.org/maven2/org/scala-lang/modules/scala-xml_2.11/1.0.2/scala-xml_2.11-1.0.2-sources.jar
ERROR Downloading https://repo1.maven.org/maven2/org/scala-lang/scala-library/2.11.12/scala-library-2.11.12-javadoc.jar
ERROR Downloaded https://repo1.maven.org/maven2/org/scala-lang/scala-reflect/2.11.12/scala-reflect-2.11.12-sources.jar
ERROR Downloading https://repo1.maven.org/maven2/org/scala-lang/modules/scala-parser-combinators_2.11/1.0.4/scala-parser-combinators_2.11-1.0.4-sources.jar
ERROR Downloaded https://repo1.maven.org/maven2/junit/junit/4.10/junit-4.10-javadoc.jar
ERROR Downloading https://repo1.maven.org/maven2/org/scala-lang/modules/scala-parser-combinators_2.11/1.0.4/scala-parser-combinators_2.11-1.0.4-javadoc.jar
ERROR Downloaded https://repo1.maven.org/maven2/org/scala-lang/modules/scala-parser-combinators_2.11/1.0.4/scala-parser-combinators_2.11-1.0.4-sources.jar
ERROR Downloading https://repo1.maven.org/maven2/org/scala-lang/modules/scala-xml_2.11/1.0.2/scala-xml_2.11-1.0.2-javadoc.jar
ERROR Downloaded https://repo1.maven.org/maven2/org/scala-lang/modules/scala-parser-combinators_2.11/1.0.4/scala-parser-combinators_2.11-1.0.4-javadoc.jar
ERROR Downloading https://repo1.maven.org/maven2/org/scala-lang/scala-compiler/2.11.12/scala-compiler-2.11.12-javadoc.jar
ERROR Downloaded https://repo1.maven.org/maven2/org/scala-lang/modules/scala-xml_2.11/1.0.2/scala-xml_2.11-1.0.2-javadoc.jar
ERROR Downloading https://repo1.maven.org/maven2/junit/junit/4.10/junit-4.10-sources.jar
ERROR Downloaded https://repo1.maven.org/maven2/org/scalatest/scalatest_2.11/2.2.4/scalatest_2.11-2.2.4-javadoc.jar
ERROR Downloading https://repo1.maven.org/maven2/org/scala-lang/modules/scala-xml_2.11/1.0.5/scala-xml_2.11-1.0.5-javadoc.jar
ERROR Downloaded https://repo1.maven.org/maven2/org/scalatest/scalatest_2.11/2.2.4/scalatest_2.11-2.2.4-sources.jar
ERROR Downloading https://repo1.maven.org/maven2/org/scala-lang/scala-library/2.11.12/scala-library-2.11.12-sources.jar
ERROR https://repo1.maven.org/maven2/org/scala-lang/scala-reflect/2. (93.34 %, 40954
ERROR https://repo1.maven.org/maven2/org/scala-lang/scala-library/2. (40.64 %, 88572
ERROR 
ERROR Downloaded https://repo1.maven.org/maven2/junit/junit/4.10/junit-4.10-sources.jar
ERROR Downloading https://repo1.maven.org/maven2/org/scalameta/semanticdb-scalac_2.11.12/4.1.9/semanticdb-scalac_2.11.12-4.1.9-sources.jar
ERROR Downloaded https://repo1.maven.org/maven2/org/scala-lang/scala-reflect/2.11.12/scala-reflect-2.11.12-javadoc.jar
ERROR Downloading https://repo1.maven.org/maven2/org/scala-lang/modules/scala-xml_2.11/1.0.5/scala-xml_2.11-1.0.5-sources.jar
ERROR Downloaded https://repo1.maven.org/maven2/org/scalameta/semanticdb-scalac_2.11.12/4.1.9/semanticdb-scalac_2.11.12-4.1.9-sources.jar
ERROR Downloading https://repo1.maven.org/maven2/org/scala-lang/scala-compiler/2.11.12/scala-compiler-2.11.12-sources.jar
ERROR Downloaded https://repo1.maven.org/maven2/org/scala-lang/scala-library/2.11.12/scala-library-2.11.12-sources.jar
ERROR Downloading https://repo1.maven.org/maven2/org/scalameta/semanticdb-scalac_2.11.12/4.1.9/semanticdb-scalac_2.11.12-4.1.9-javadoc.jar
ERROR Downloaded https://repo1.maven.org/maven2/org/scala-lang/modules/scala-xml_2.11/1.0.5/scala-xml_2.11-1.0.5-sources.jar
ERROR Downloading https://repo1.maven.org/maven2/jline/jline/2.14.3/jline-2.14.3-javadoc.jar
ERROR Downloaded https://repo1.maven.org/maven2/org/scala-lang/modules/scala-xml_2.11/1.0.5/scala-xml_2.11-1.0.5-javadoc.jar
ERROR Downloading https://repo1.maven.org/maven2/jline/jline/2.14.3/jline-2.14.3-sources.jar
ERROR Downloaded https://repo1.maven.org/maven2/org/scalameta/semanticdb-scalac_2.11.12/4.1.9/semanticdb-scalac_2.11.12-4.1.9-javadoc.jar
ERROR Downloaded https://repo1.maven.org/maven2/jline/jline/2.14.3/jline-2.14.3-javadoc.jar
ERROR Downloaded https://repo1.maven.org/maven2/jline/jline/2.14.3/jline-2.14.3-sources.jar
ERROR Downloaded https://repo1.maven.org/maven2/org/scala-lang/scala-library/2.11.12/scala-library-2.11.12-javadoc.jar
ERROR https://repo1.maven.org/maven2/org/scala-lang/scala-compiler/2 (38.83 %, 51332
ERROR 
ERROR Downloaded https://repo1.maven.org/maven2/org/scala-lang/scala-compiler/2.11.12/scala-compiler-2.11.12-sources.jar
ERROR https://repo1.maven.org/maven2/org/scala-lang/scala-compiler/2 (50.85 %, 67225
ERROR 
ERROR https://repo1.maven.org/maven2/org/scala-lang/scala-compiler/2 (69.81 %, 92292
ERROR 
ERROR https://repo1.maven.org/maven2/org/scala-lang/scala-compiler/2 (92.74 %, 12260
ERROR 
ERROR Downloaded https://repo1.maven.org/maven2/org/scala-lang/scala-compiler/2.11.12/scala-compiler-2.11.12-javadoc.jar
INFO  [success] Generated .bloop\root-test.json
INFO  [success] Generated .bloop\root.json
INFO  [success] Total time: 21 s, completed Aug 20, 2019 5:01:56 PM
INFO  build tool exit: 0
INFO  time: ran 'sbt bloopInstall' in 16m24s
INFO  running embedded 'bloop bsp --protocol tcp --host 127.0.0.1 --port 30316'
Downloading https://repo1.maven.org/maven2/ch/epfl/scala/bloop-frontend_2.12/1.3.2/bloop-frontend_2.12-1.3.2.pom.sha1
Downloading https://repo1.maven.org/maven2/ch/epfl/scala/bloop-frontend_2.12/1.3.2/bloop-frontend_2.12-1.3.2.pom
Downloaded https://repo1.maven.org/maven2/ch/epfl/scala/bloop-frontend_2.12/1.3.2/bloop-frontend_2.12-1.3.2.pom
Downloaded https://repo1.maven.org/maven2/ch/epfl/scala/bloop-frontend_2.12/1.3.2/bloop-frontend_2.12-1.3.2.pom.sha1
Downloading https://repo1.maven.org/maven2/ch/epfl/scala/bloop-frontend_2.12/1.3.2/
Downloaded https://repo1.maven.org/maven2/ch/epfl/scala/bloop-frontend_2.12/1.3.2/
Downloading https://repo1.maven.org/maven2/ch/epfl/scala/case-app_2.12/1.2.0-faster-compile-time/case-app_2.12-1.2.0-faster-compile-time.pom
Downloading https://repo1.maven.org/maven2/ch/epfl/scala/case-app_2.12/1.2.0-faster-compile-time/case-app_2.12-1.2.0-faster-compile-time.pom.sha1
Downloading https://repo1.maven.org/maven2/org/scalaz/scalaz-core_2.12/7.2.20/scalaz-core_2.12-7.2.20.pom
Downloading https://repo1.maven.org/maven2/org/scalaz/scalaz-core_2.12/7.2.20/scalaz-core_2.12-7.2.20.pom.sha1
Downloading https://repo1.maven.org/maven2/ch/epfl/scala/bloop-backend_2.12/1.3.2/bloop-backend_2.12-1.3.2.pom.sha1
Downloading https://repo1.maven.org/maven2/org/scala-lang/scala-library/2.12.8/
Downloaded https://repo1.maven.org/maven2/ch/epfl/scala/case-app_2.12/1.2.0-faster-compile-time/case-app_2.12-1.2.0-faster-compile-time.pom
Downloading https://repo1.maven.org/maven2/ch/epfl/scala/bloop-backend_2.12/1.3.2/bloop-backend_2.12-1.3.2.pom
Downloaded https://repo1.maven.org/maven2/ch/epfl/scala/bloop-backend_2.12/1.3.2/bloop-backend_2.12-1.3.2.pom
Downloading https://repo1.maven.org/maven2/io/monix/monix_2.12/2.3.3/monix_2.12-2.3.3.pom
Downloaded https://repo1.maven.org/maven2/org/scala-lang/scala-library/2.12.8/
Downloading https://repo1.maven.org/maven2/io/monix/monix_2.12/2.3.3/monix_2.12-2.3.3.pom.sha1
Downloaded https://repo1.maven.org/maven2/org/scalaz/scalaz-core_2.12/7.2.20/scalaz-core_2.12-7.2.20.pom.sha1
Downloading https://repo1.maven.org/maven2/com/zaxxer/nuprocess/1.2.4/
Downloaded https://repo1.maven.org/maven2/ch/epfl/scala/case-app_2.12/1.2.0-faster-compile-time/case-app_2.12-1.2.0-faster-compile-time.pom.sha1
Downloading https://repo1.maven.org/maven2/ch/epfl/scala/bloop-config_2.12/1.3.2/bloop-config_2.12-1.3.2.pom.sha1
Downloaded https://repo1.maven.org/maven2/org/scalaz/scalaz-core_2.12/7.2.20/scalaz-core_2.12-7.2.20.pom
Downloading https://repo1.maven.org/maven2/ch/epfl/scala/bloop-config_2.12/1.3.2/bloop-config_2.12-1.3.2.pom
Downloaded https://repo1.maven.org/maven2/ch/epfl/scala/bloop-backend_2.12/1.3.2/bloop-backend_2.12-1.3.2.pom.sha1
Downloading https://repo1.maven.org/maven2/ch/epfl/scala/sockets/1.3.2/sockets-1.3.2.pom
Downloaded https://repo1.maven.org/maven2/io/monix/monix_2.12/2.3.3/monix_2.12-2.3.3.pom
Downloading https://repo1.maven.org/maven2/ch/epfl/scala/sockets/1.3.2/sockets-1.3.2.pom.sha1
Downloaded https://repo1.maven.org/maven2/io/monix/monix_2.12/2.3.3/monix_2.12-2.3.3.pom.sha1
Downloaded https://repo1.maven.org/maven2/com/zaxxer/nuprocess/1.2.4/
Downloading https://repo1.maven.org/maven2/ch/epfl/scala/case-app_2.12/1.2.0-faster-compile-time/
Downloading https://repo1.maven.org/maven2/org/scalaz/scalaz-core_2.12/7.2.20/
Downloaded https://repo1.maven.org/maven2/ch/epfl/scala/bloop-config_2.12/1.3.2/bloop-config_2.12-1.3.2.pom.sha1
Downloading https://repo1.maven.org/maven2/ch/epfl/scala/bloop-backend_2.12/1.3.2/
Downloaded https://repo1.maven.org/maven2/ch/epfl/scala/bloop-config_2.12/1.3.2/bloop-config_2.12-1.3.2.pom
Downloading https://repo1.maven.org/maven2/io/monix/monix_2.12/2.3.3/
Downloaded https://repo1.maven.org/maven2/ch/epfl/scala/sockets/1.3.2/sockets-1.3.2.pom.sha1
Downloading https://repo1.maven.org/maven2/ch/epfl/scala/bloop-config_2.12/1.3.2/
Downloaded https://repo1.maven.org/maven2/ch/epfl/scala/sockets/1.3.2/sockets-1.3.2.pom
Downloading https://repo1.maven.org/maven2/ch/epfl/scala/sockets/1.3.2/
Downloaded https://repo1.maven.org/maven2/org/scalaz/scalaz-core_2.12/7.2.20/
Downloaded https://repo1.maven.org/maven2/ch/epfl/scala/bloop-backend_2.12/1.3.2/
Downloaded https://repo1.maven.org/maven2/ch/epfl/scala/case-app_2.12/1.2.0-faster-compile-time/
Downloaded https://repo1.maven.org/maven2/ch/epfl/scala/bloop-config_2.12/1.3.2/
Downloaded https://repo1.maven.org/maven2/io/monix/monix_2.12/2.3.3/
Downloaded https://repo1.maven.org/maven2/ch/epfl/scala/sockets/1.3.2/
Downloading https://repo1.maven.org/maven2/org/sonatype/oss/oss-parent/7/
Downloaded https://repo1.maven.org/maven2/org/sonatype/oss/oss-parent/7/
Downloading https://repo1.maven.org/maven2/io/zipkin/reporter2/zipkin-sender-urlconnection/2.7.15/zipkin-sender-urlconnection-2.7.15.pom.sha1
Downloading https://repo1.maven.org/maven2/io/zipkin/reporter2/zipkin-sender-urlconnection/2.7.15/zipkin-sender-urlconnection-2.7.15.pom
Downloading https://repo1.maven.org/maven2/io/monix/monix-reactive_2.12/2.3.3/monix-reactive_2.12-2.3.3.pom.sha1
Downloading https://repo1.maven.org/maven2/io/circe/circe-derivation_2.12/0.9.0-M3/circe-derivation_2.12-0.9.0-M3.pom
Downloading https://repo1.maven.org/maven2/io/monix/monix-reactive_2.12/2.3.3/monix-reactive_2.12-2.3.3.pom
Downloading https://repo1.maven.org/maven2/org/scala-sbt/librarymanagement-ivy_2.12/1.0.0/librarymanagement-ivy_2.12-1.0.0.pom.sha1
Downloaded https://repo1.maven.org/maven2/io/zipkin/reporter2/zipkin-sender-urlconnection/2.7.15/zipkin-sender-urlconnection-2.7.15.pom.sha1
Downloading https://repo1.maven.org/maven2/org/scala-sbt/librarymanagement-ivy_2.12/1.0.0/librarymanagement-ivy_2.12-1.0.0.pom
Downloaded https://repo1.maven.org/maven2/org/scala-sbt/librarymanagement-ivy_2.12/1.0.0/librarymanagement-ivy_2.12-1.0.0.pom.sha1
Downloading https://repo1.maven.org/maven2/io/circe/circe-parser_2.12/0.9.3/circe-parser_2.12-0.9.3.pom.sha1
Downloaded https://repo1.maven.org/maven2/io/monix/monix-reactive_2.12/2.3.3/monix-reactive_2.12-2.3.3.pom
Downloading https://repo1.maven.org/maven2/io/circe/circe-derivation_2.12/0.9.0-M3/circe-derivation_2.12-0.9.0-M3.pom.sha1
Downloaded https://repo1.maven.org/maven2/io/monix/monix-reactive_2.12/2.3.3/monix-reactive_2.12-2.3.3.pom.sha1
Downloading https://repo1.maven.org/maven2/io/github/soc/directories/10/directories-10.pom.sha1
Downloaded https://repo1.maven.org/maven2/io/circe/circe-derivation_2.12/0.9.0-M3/circe-derivation_2.12-0.9.0-M3.pom
Downloading https://repo1.maven.org/maven2/io/circe/circe-parser_2.12/0.9.3/circe-parser_2.12-0.9.3.pom
Downloaded https://repo1.maven.org/maven2/io/circe/circe-derivation_2.12/0.9.0-M3/circe-derivation_2.12-0.9.0-M3.pom.sha1
Downloading https://repo1.maven.org/maven2/io/github/soc/directories/10/directories-10.pom
Downloaded https://repo1.maven.org/maven2/io/circe/circe-parser_2.12/0.9.3/circe-parser_2.12-0.9.3.pom.sha1
Downloading https://repo1.maven.org/maven2/net/java/dev/jna/jna-platform/4.5.0/jna-platform-4.5.0.pom.sha1
Downloaded https://repo1.maven.org/maven2/io/github/soc/directories/10/directories-10.pom.sha1
Downloading https://repo1.maven.org/maven2/net/java/dev/jna/jna-platform/4.5.0/jna-platform-4.5.0.pom
Downloaded https://repo1.maven.org/maven2/org/scala-sbt/librarymanagement-ivy_2.12/1.0.0/librarymanagement-ivy_2.12-1.0.0.pom
Downloading https://repo1.maven.org/maven2/org/scala-sbt/test-interface/1.0/test-interface-1.0.pom.sha1
Downloaded https://repo1.maven.org/maven2/io/circe/circe-parser_2.12/0.9.3/circe-parser_2.12-0.9.3.pom
Downloading https://repo1.maven.org/maven2/io/zipkin/brave/brave/5.6.1/brave-5.6.1.pom
Downloaded https://repo1.maven.org/maven2/io/zipkin/reporter2/zipkin-sender-urlconnection/2.7.15/zipkin-sender-urlconnection-2.7.15.pom
Downloading https://repo1.maven.org/maven2/io/zipkin/brave/brave/5.6.1/brave-5.6.1.pom.sha1
Downloaded https://repo1.maven.org/maven2/io/github/soc/directories/10/directories-10.pom
Downloading https://repo1.maven.org/maven2/org/scala-sbt/test-interface/1.0/test-interface-1.0.pom
Downloaded https://repo1.maven.org/maven2/net/java/dev/jna/jna-platform/4.5.0/jna-platform-4.5.0.pom.sha1
Downloading https://repo1.maven.org/maven2/io/monix/monix-eval_2.12/2.3.3/monix-eval_2.12-2.3.3.pom
Downloaded https://repo1.maven.org/maven2/org/scala-sbt/test-interface/1.0/test-interface-1.0.pom.sha1
Downloading https://repo1.maven.org/maven2/io/monix/monix-eval_2.12/2.3.3/monix-eval_2.12-2.3.3.pom.sha1
Downloaded https://repo1.maven.org/maven2/net/java/dev/jna/jna-platform/4.5.0/jna-platform-4.5.0.pom
Downloading https://repo1.maven.org/maven2/io/monix/monix-execution_2.12/2.3.3/monix-execution_2.12-2.3.3.pom.sha1
Downloaded https://repo1.maven.org/maven2/io/zipkin/brave/brave/5.6.1/brave-5.6.1.pom
Downloading https://repo1.maven.org/maven2/io/monix/monix-execution_2.12/2.3.3/monix-execution_2.12-2.3.3.pom
Downloaded https://repo1.maven.org/maven2/io/zipkin/brave/brave/5.6.1/brave-5.6.1.pom.sha1
Downloading https://repo1.maven.org/maven2/io/get-coursier/coursier-cache_2.12/1.1.0-M14-4/coursier-cache_2.12-1.1.0-M14-4.pom
Downloaded https://repo1.maven.org/maven2/org/scala-sbt/test-interface/1.0/test-interface-1.0.pom
Downloading https://repo1.maven.org/maven2/io/get-coursier/coursier-cache_2.12/1.1.0-M14-4/coursier-cache_2.12-1.1.0-M14-4.pom.sha1
Downloaded https://repo1.maven.org/maven2/io/monix/monix-eval_2.12/2.3.3/monix-eval_2.12-2.3.3.pom
Downloading https://repo1.maven.org/maven2/org/ow2/asm/asm-util/6.0/asm-util-6.0.pom
Downloaded https://repo1.maven.org/maven2/io/monix/monix-execution_2.12/2.3.3/monix-execution_2.12-2.3.3.pom
Downloading https://repo1.maven.org/maven2/org/ow2/asm/asm-util/6.0/asm-util-6.0.pom.sha1
Downloaded https://repo1.maven.org/maven2/io/monix/monix-execution_2.12/2.3.3/monix-execution_2.12-2.3.3.pom.sha1
Downloading https://repo1.maven.org/maven2/ch/epfl/scala/case-app-util_2.12/1.2.0-faster-compile-time/case-app-util_2.12-1.2.0-faster-compile-time.pom
Downloaded https://repo1.maven.org/maven2/io/monix/monix-eval_2.12/2.3.3/monix-eval_2.12-2.3.3.pom.sha1
Downloading https://repo1.maven.org/maven2/ch/epfl/scala/bsp4s_2.12/2.0.0-M4/bsp4s_2.12-2.0.0-M4.pom
Downloaded https://repo1.maven.org/maven2/io/get-coursier/coursier-cache_2.12/1.1.0-M14-4/coursier-cache_2.12-1.1.0-M14-4.pom
Downloading https://repo1.maven.org/maven2/ch/epfl/scala/bsp4s_2.12/2.0.0-M4/bsp4s_2.12-2.0.0-M4.pom.sha1
Downloaded https://repo1.maven.org/maven2/io/get-coursier/coursier-cache_2.12/1.1.0-M14-4/coursier-cache_2.12-1.1.0-M14-4.pom.sha1
Downloading https://repo1.maven.org/maven2/ch/epfl/scala/case-app-util_2.12/1.2.0-faster-compile-time/case-app-util_2.12-1.2.0-faster-compile-time.pom.sha1
Downloaded https://repo1.maven.org/maven2/org/ow2/asm/asm-util/6.0/asm-util-6.0.pom.sha1
Downloading https://repo1.maven.org/maven2/ch/epfl/scala/nailgun-server/ee3c4343/nailgun-server-ee3c4343.pom
Downloaded https://repo1.maven.org/maven2/org/ow2/asm/asm-util/6.0/asm-util-6.0.pom
Downloading https://repo1.maven.org/maven2/net/jpountz/lz4/lz4/1.3.0/lz4-1.3.0.pom
Downloaded https://repo1.maven.org/maven2/ch/epfl/scala/bsp4s_2.12/2.0.0-M4/bsp4s_2.12-2.0.0-M4.pom
Downloading https://repo1.maven.org/maven2/ch/epfl/scala/nailgun-server/ee3c4343/nailgun-server-ee3c4343.pom.sha1
Downloaded https://repo1.maven.org/maven2/ch/epfl/scala/bsp4s_2.12/2.0.0-M4/bsp4s_2.12-2.0.0-M4.pom.sha1
Downloading https://repo1.maven.org/maven2/io/get-coursier/coursier_2.12/1.1.0-M14-4/coursier_2.12-1.1.0-M14-4.pom
Downloaded https://repo1.maven.org/maven2/ch/epfl/scala/case-app-util_2.12/1.2.0-faster-compile-time/case-app-util_2.12-1.2.0-faster-compile-time.pom.sha1
Downloading https://repo1.maven.org/maven2/net/jpountz/lz4/lz4/1.3.0/lz4-1.3.0.pom.sha1
Downloaded https://repo1.maven.org/maven2/net/jpountz/lz4/lz4/1.3.0/lz4-1.3.0.pom
Downloading https://repo1.maven.org/maven2/ch/epfl/scala/case-app-annotations_2.12/1.2.0-faster-compile-time/case-app-annotations_2.12-1.2.0-faster-compile-time.pom.sha1
Downloaded https://repo1.maven.org/maven2/ch/epfl/scala/nailgun-server/ee3c4343/nailgun-server-ee3c4343.pom
Downloading https://repo1.maven.org/maven2/ch/epfl/scala/case-app-annotations_2.12/1.2.0-faster-compile-time/case-app-annotations_2.12-1.2.0-faster-compile-time.pom
Downloaded https://repo1.maven.org/maven2/ch/epfl/scala/nailgun-server/ee3c4343/nailgun-server-ee3c4343.pom.sha1
Downloading https://repo1.maven.org/maven2/io/get-coursier/coursier_2.12/1.1.0-M14-4/coursier_2.12-1.1.0-M14-4.pom.sha1
Downloaded https://repo1.maven.org/maven2/io/get-coursier/coursier_2.12/1.1.0-M14-4/coursier_2.12-1.1.0-M14-4.pom
Downloading https://repo1.maven.org/maven2/io/monix/monix-types_2.12/2.3.3/monix-types_2.12-2.3.3.pom.sha1
Downloaded https://repo1.maven.org/maven2/ch/epfl/scala/case-app-util_2.12/1.2.0-faster-compile-time/case-app-util_2.12-1.2.0-faster-compile-time.pom
Downloading https://repo1.maven.org/maven2/io/monix/monix-types_2.12/2.3.3/monix-types_2.12-2.3.3.pom
Downloaded https://repo1.maven.org/maven2/net/jpountz/lz4/lz4/1.3.0/lz4-1.3.0.pom.sha1
Downloading https://repo1.maven.org/maven2/org/scalaz/scalaz-concurrent_2.12/7.2.20/scalaz-concurrent_2.12-7.2.20.pom
Downloaded https://repo1.maven.org/maven2/ch/epfl/scala/case-app-annotations_2.12/1.2.0-faster-compile-time/case-app-annotations_2.12-1.2.0-faster-compile-time.pom.sha1
Downloading https://repo1.maven.org/maven2/org/scalaz/scalaz-concurrent_2.12/7.2.20/scalaz-concurrent_2.12-7.2.20.pom.sha1
Downloaded https://repo1.maven.org/maven2/io/get-coursier/coursier_2.12/1.1.0-M14-4/coursier_2.12-1.1.0-M14-4.pom.sha1
Downloading https://repo1.maven.org/maven2/org/scala-sbt/test-agent/1.0.4/test-agent-1.0.4.pom.sha1
Downloaded https://repo1.maven.org/maven2/ch/epfl/scala/case-app-annotations_2.12/1.2.0-faster-compile-time/case-app-annotations_2.12-1.2.0-faster-compile-time.pom
Downloading https://repo1.maven.org/maven2/com/lihaoyi/pprint_2.12/0.5.3/
Downloaded https://repo1.maven.org/maven2/io/monix/monix-types_2.12/2.3.3/monix-types_2.12-2.3.3.pom.sha1
Downloading https://repo1.maven.org/maven2/org/zeroturnaround/zt-zip/1.13/zt-zip-1.13.pom
Downloaded https://repo1.maven.org/maven2/io/monix/monix-types_2.12/2.3.3/monix-types_2.12-2.3.3.pom
Downloading https://repo1.maven.org/maven2/org/zeroturnaround/zt-zip/1.13/zt-zip-1.13.pom.sha1
Downloaded https://repo1.maven.org/maven2/org/scalaz/scalaz-concurrent_2.12/7.2.20/scalaz-concurrent_2.12-7.2.20.pom
Downloading https://repo1.maven.org/maven2/org/scala-sbt/test-agent/1.0.4/test-agent-1.0.4.pom
Downloaded https://repo1.maven.org/maven2/org/scalaz/scalaz-concurrent_2.12/7.2.20/scalaz-concurrent_2.12-7.2.20.pom.sha1
Downloading https://repo1.maven.org/maven2/org/ow2/asm/asm/6.0/asm-6.0.pom
Downloaded https://repo1.maven.org/maven2/org/zeroturnaround/zt-zip/1.13/zt-zip-1.13.pom.sha1
Downloading https://repo1.maven.org/maven2/org/ow2/asm/asm/6.0/asm-6.0.pom.sha1
Downloaded https://repo1.maven.org/maven2/org/zeroturnaround/zt-zip/1.13/zt-zip-1.13.pom
Downloaded https://repo1.maven.org/maven2/org/scala-sbt/test-agent/1.0.4/test-agent-1.0.4.pom.sha1
Downloading https://repo1.maven.org/maven2/ch/epfl/scala/zinc_2.12/1.3.0-M4+22-4704d479/zinc_2.12-1.3.0-M4+22-4704d479.pom
Downloading https://repo1.maven.org/maven2/ch/epfl/scala/zinc_2.12/1.3.0-M4+22-4704d479/zinc_2.12-1.3.0-M4+22-4704d479.pom.sha1
Downloaded https://repo1.maven.org/maven2/com/lihaoyi/pprint_2.12/0.5.3/
Downloading https://repo1.maven.org/maven2/net/java/dev/jna/jna/4.5.1/
Downloaded https://repo1.maven.org/maven2/org/ow2/asm/asm/6.0/asm-6.0.pom
Downloading https://repo1.maven.org/maven2/com/lihaoyi/sourcecode_2.12/0.1.4/
Downloaded https://repo1.maven.org/maven2/org/scala-sbt/test-agent/1.0.4/test-agent-1.0.4.pom
Downloading https://repo1.maven.org/maven2/ch/epfl/scala/directory-watcher/0.8.0+6-f651bd93/directory-watcher-0.8.0+6-f651bd93.pom
Downloaded https://repo1.maven.org/maven2/org/ow2/asm/asm/6.0/asm-6.0.pom.sha1
Downloading https://repo1.maven.org/maven2/ch/epfl/scala/directory-watcher/0.8.0+6-f651bd93/directory-watcher-0.8.0+6-f651bd93.pom.sha1
Downloaded https://repo1.maven.org/maven2/net/java/dev/jna/jna/4.5.1/
Downloaded https://repo1.maven.org/maven2/ch/epfl/scala/zinc_2.12/1.3.0-M4+22-4704d479/zinc_2.12-1.3.0-M4+22-4704d479.pom
Downloading https://repo1.maven.org/maven2/com/googlecode/java-diff-utils/diffutils/1.3.0/
Downloaded https://repo1.maven.org/maven2/ch/epfl/scala/zinc_2.12/1.3.0-M4+22-4704d479/zinc_2.12-1.3.0-M4+22-4704d479.pom.sha1
Downloading https://repo1.maven.org/maven2/io/circe/circe-derivation_2.12/0.9.0-M3/
Downloading https://repo1.maven.org/maven2/io/monix/monix-reactive_2.12/2.3.3/
Downloaded https://repo1.maven.org/maven2/com/lihaoyi/sourcecode_2.12/0.1.4/
Downloading https://repo1.maven.org/maven2/org/scala-sbt/librarymanagement-ivy_2.12/1.0.0/
Downloaded https://repo1.maven.org/maven2/ch/epfl/scala/directory-watcher/0.8.0+6-f651bd93/directory-watcher-0.8.0+6-f651bd93.pom
Downloading https://repo1.maven.org/maven2/io/circe/circe-parser_2.12/0.9.3/
Downloaded https://repo1.maven.org/maven2/io/circe/circe-derivation_2.12/0.9.0-M3/
Downloading https://repo1.maven.org/maven2/io/zipkin/reporter2/zipkin-sender-urlconnection/2.7.15/
Downloaded https://repo1.maven.org/maven2/ch/epfl/scala/directory-watcher/0.8.0+6-f651bd93/directory-watcher-0.8.0+6-f651bd93.pom.sha1
Downloading https://repo1.maven.org/maven2/io/github/soc/directories/10/
Downloaded https://repo1.maven.org/maven2/io/monix/monix-reactive_2.12/2.3.3/
Downloading https://repo1.maven.org/maven2/net/java/dev/jna/jna-platform/4.5.0/
Downloaded https://repo1.maven.org/maven2/com/googlecode/java-diff-utils/diffutils/1.3.0/
Downloading https://repo1.maven.org/maven2/io/zipkin/brave/brave/5.6.1/
Downloaded https://repo1.maven.org/maven2/org/scala-sbt/librarymanagement-ivy_2.12/1.0.0/
Downloading https://repo1.maven.org/maven2/org/scala-sbt/test-interface/1.0/
Downloaded https://repo1.maven.org/maven2/net/java/dev/jna/jna-platform/4.5.0/
Downloading https://repo1.maven.org/maven2/io/monix/monix-execution_2.12/2.3.3/
Downloaded https://repo1.maven.org/maven2/io/zipkin/reporter2/zipkin-sender-urlconnection/2.7.15/
Downloading https://repo1.maven.org/maven2/io/monix/monix-eval_2.12/2.3.3/
Downloaded https://repo1.maven.org/maven2/io/github/soc/directories/10/
Downloading https://repo1.maven.org/maven2/io/get-coursier/coursier-cache_2.12/1.1.0-M14-4/
Downloaded https://repo1.maven.org/maven2/io/circe/circe-parser_2.12/0.9.3/
Downloading https://repo1.maven.org/maven2/org/ow2/asm/asm-util/6.0/
Downloaded https://repo1.maven.org/maven2/io/zipkin/brave/brave/5.6.1/
Downloading https://repo1.maven.org/maven2/ch/epfl/scala/bsp4s_2.12/2.0.0-M4/
Downloaded https://repo1.maven.org/maven2/org/scala-sbt/test-interface/1.0/
Downloading https://repo1.maven.org/maven2/ch/epfl/scala/nailgun-server/ee3c4343/
Downloaded https://repo1.maven.org/maven2/org/ow2/asm/asm-util/6.0/
Downloading https://repo1.maven.org/maven2/ch/epfl/scala/case-app-util_2.12/1.2.0-faster-compile-time/
Downloaded https://repo1.maven.org/maven2/io/get-coursier/coursier-cache_2.12/1.1.0-M14-4/
Downloading https://repo1.maven.org/maven2/net/jpountz/lz4/lz4/1.3.0/
Downloaded https://repo1.maven.org/maven2/io/monix/monix-execution_2.12/2.3.3/
Downloading https://repo1.maven.org/maven2/io/get-coursier/coursier_2.12/1.1.0-M14-4/
Downloaded https://repo1.maven.org/maven2/io/monix/monix-eval_2.12/2.3.3/
Downloading https://repo1.maven.org/maven2/ch/epfl/scala/case-app-annotations_2.12/1.2.0-faster-compile-time/
Downloaded https://repo1.maven.org/maven2/ch/epfl/scala/case-app-util_2.12/1.2.0-faster-compile-time/
Downloading https://repo1.maven.org/maven2/io/monix/monix-types_2.12/2.3.3/
Downloaded https://repo1.maven.org/maven2/io/get-coursier/coursier_2.12/1.1.0-M14-4/
Downloading https://repo1.maven.org/maven2/org/scalaz/scalaz-concurrent_2.12/7.2.20/
Downloaded https://repo1.maven.org/maven2/net/jpountz/lz4/lz4/1.3.0/
Downloading https://repo1.maven.org/maven2/org/zeroturnaround/zt-zip/1.13/
Downloaded https://repo1.maven.org/maven2/ch/epfl/scala/bsp4s_2.12/2.0.0-M4/
Downloaded https://repo1.maven.org/maven2/ch/epfl/scala/nailgun-server/ee3c4343/
Downloading https://repo1.maven.org/maven2/org/scala-sbt/test-agent/1.0.4/
Downloading https://repo1.maven.org/maven2/org/ow2/asm/asm/6.0/
Downloaded https://repo1.maven.org/maven2/ch/epfl/scala/case-app-annotations_2.12/1.2.0-faster-compile-time/
Downloading https://repo1.maven.org/maven2/ch/epfl/scala/zinc_2.12/1.3.0-M4+22-4704d479/
Downloaded https://repo1.maven.org/maven2/org/zeroturnaround/zt-zip/1.13/
Downloading https://repo1.maven.org/maven2/ch/epfl/scala/directory-watcher/0.8.0+6-f651bd93/
Downloaded https://repo1.maven.org/maven2/org/scalaz/scalaz-concurrent_2.12/7.2.20/
Downloaded https://repo1.maven.org/maven2/io/monix/monix-types_2.12/2.3.3/
Downloaded https://repo1.maven.org/maven2/org/ow2/asm/asm/6.0/
Downloaded https://repo1.maven.org/maven2/org/scala-sbt/test-agent/1.0.4/
Downloaded https://repo1.maven.org/maven2/ch/epfl/scala/directory-watcher/0.8.0+6-f651bd93/
Downloaded https://repo1.maven.org/maven2/ch/epfl/scala/zinc_2.12/1.3.0-M4+22-4704d479/
Downloading https://repo1.maven.org/maven2/io/zipkin/brave/brave-parent/5.6.1/brave-parent-5.6.1.pom.sha1
Downloading https://repo1.maven.org/maven2/io/zipkin/brave/brave-parent/5.6.1/brave-parent-5.6.1.pom
Downloading https://repo1.maven.org/maven2/org/ow2/asm/asm-parent/6.0/asm-parent-6.0.pom
Downloading https://repo1.maven.org/maven2/org/ow2/asm/asm-parent/6.0/asm-parent-6.0.pom.sha1
Downloading https://repo1.maven.org/maven2/io/zipkin/reporter2/zipkin-reporter-parent/2.7.15/zipkin-reporter-parent-2.7.15.pom.sha1
Downloading https://repo1.maven.org/maven2/io/zipkin/reporter2/zipkin-reporter-parent/2.7.15/zipkin-reporter-parent-2.7.15.pom
Downloaded https://repo1.maven.org/maven2/io/zipkin/brave/brave-parent/5.6.1/brave-parent-5.6.1.pom.sha1
Downloaded https://repo1.maven.org/maven2/io/zipkin/reporter2/zipkin-reporter-parent/2.7.15/zipkin-reporter-parent-2.7.15.pom.sha1
Downloaded https://repo1.maven.org/maven2/org/ow2/asm/asm-parent/6.0/asm-parent-6.0.pom.sha1
Downloaded https://repo1.maven.org/maven2/org/ow2/asm/asm-parent/6.0/asm-parent-6.0.pom
Downloading https://repo1.maven.org/maven2/org/ow2/asm/asm-parent/6.0/
Downloaded https://repo1.maven.org/maven2/io/zipkin/reporter2/zipkin-reporter-parent/2.7.15/zipkin-reporter-parent-2.7.15.pom
Downloading https://repo1.maven.org/maven2/io/zipkin/reporter2/zipkin-reporter-parent/2.7.15/
Downloaded https://repo1.maven.org/maven2/org/ow2/asm/asm-parent/6.0/
Downloaded https://repo1.maven.org/maven2/io/zipkin/reporter2/zipkin-reporter-parent/2.7.15/
Downloaded https://repo1.maven.org/maven2/io/zipkin/brave/brave-parent/5.6.1/brave-parent-5.6.1.pom
Downloading https://repo1.maven.org/maven2/io/zipkin/brave/brave-parent/5.6.1/
Downloaded https://repo1.maven.org/maven2/io/zipkin/brave/brave-parent/5.6.1/
Downloading https://repo1.maven.org/maven2/org/ow2/ow2/1.3/ow2-1.3.pom
Downloading https://repo1.maven.org/maven2/org/ow2/ow2/1.3/ow2-1.3.pom.sha1
Downloaded https://repo1.maven.org/maven2/org/ow2/ow2/1.3/ow2-1.3.pom
Downloaded https://repo1.maven.org/maven2/org/ow2/ow2/1.3/ow2-1.3.pom.sha1
Downloading https://repo1.maven.org/maven2/org/ow2/ow2/1.3/
Downloaded https://repo1.maven.org/maven2/org/ow2/ow2/1.3/
Downloading https://repo1.maven.org/maven2/com/eed3si9n/sjson-new-core_2.12/0.8.0/sjson-new-core_2.12-0.8.0.pom
Downloading https://repo1.maven.org/maven2/com/google/protobuf/protobuf-java/3.7.0/protobuf-java-3.7.0.pom
Downloading https://repo1.maven.org/maven2/com/eed3si9n/sjson-new-core_2.12/0.8.0/sjson-new-core_2.12-0.8.0.pom.sha1
Downloading https://repo1.maven.org/maven2/io/circe/circe-jawn_2.12/0.9.3/circe-jawn_2.12-0.9.3.pom
Downloading https://repo1.maven.org/maven2/io/circe/circe-jawn_2.12/0.9.3/circe-jawn_2.12-0.9.3.pom.sha1
Downloading https://repo1.maven.org/maven2/net/java/dev/jna/jna/4.5.2/jna-4.5.2.pom
Downloaded https://repo1.maven.org/maven2/com/eed3si9n/sjson-new-core_2.12/0.8.0/sjson-new-core_2.12-0.8.0.pom
Downloading https://repo1.maven.org/maven2/net/java/dev/jna/jna/4.5.2/jna-4.5.2.pom.sha1
Downloaded https://repo1.maven.org/maven2/net/java/dev/jna/jna/4.5.2/jna-4.5.2.pom
Downloading https://repo1.maven.org/maven2/org/jctools/jctools-core/2.0.1/jctools-core-2.0.1.pom
Downloaded https://repo1.maven.org/maven2/io/circe/circe-jawn_2.12/0.9.3/circe-jawn_2.12-0.9.3.pom.sha1
Downloading https://repo1.maven.org/maven2/org/jctools/jctools-core/2.0.1/jctools-core-2.0.1.pom.sha1
Downloaded https://repo1.maven.org/maven2/com/google/protobuf/protobuf-java/3.7.0/protobuf-java-3.7.0.pom
Downloading https://repo1.maven.org/maven2/com/chuusai/shapeless_2.12/2.3.2/shapeless_2.12-2.3.2.pom
Downloaded https://repo1.maven.org/maven2/io/circe/circe-jawn_2.12/0.9.3/circe-jawn_2.12-0.9.3.pom
Downloading https://repo1.maven.org/maven2/org/reactivestreams/reactive-streams/1.0.0/reactive-streams-1.0.0.pom.sha1
Downloaded https://repo1.maven.org/maven2/net/java/dev/jna/jna/4.5.2/jna-4.5.2.pom.sha1
Downloading https://repo1.maven.org/maven2/org/ow2/asm/asm-tree/6.0/asm-tree-6.0.pom
Downloaded https://repo1.maven.org/maven2/com/chuusai/shapeless_2.12/2.3.2/shapeless_2.12-2.3.2.pom
Downloading https://repo1.maven.org/maven2/io/circe/circe-core_2.12/0.9.3/circe-core_2.12-0.9.3.pom
Downloaded https://repo1.maven.org/maven2/org/jctools/jctools-core/2.0.1/jctools-core-2.0.1.pom.sha1
Downloading https://repo1.maven.org/maven2/com/chuusai/shapeless_2.12/2.3.2/shapeless_2.12-2.3.2.pom.sha1
Downloaded https://repo1.maven.org/maven2/org/jctools/jctools-core/2.0.1/jctools-core-2.0.1.pom
Downloading https://repo1.maven.org/maven2/io/circe/circe-derivation_2.12/0.9.0-M4/circe-derivation_2.12-0.9.0-M4.pom
Downloaded https://repo1.maven.org/maven2/org/reactivestreams/reactive-streams/1.0.0/reactive-streams-1.0.0.pom.sha1
Downloading https://repo1.maven.org/maven2/io/get-coursier/coursier-core_2.12/1.1.0-M14-4/coursier-core_2.12-1.1.0-M14-4.pom
Downloaded https://repo1.maven.org/maven2/com/eed3si9n/sjson-new-core_2.12/0.8.0/sjson-new-core_2.12-0.8.0.pom.sha1
Downloading https://repo1.maven.org/maven2/io/get-coursier/coursier-core_2.12/1.1.0-M14-4/coursier-core_2.12-1.1.0-M14-4.pom.sha1
Downloaded https://repo1.maven.org/maven2/org/ow2/asm/asm-tree/6.0/asm-tree-6.0.pom
Downloading https://repo1.maven.org/maven2/io/circe/circe-derivation_2.12/0.9.0-M4/circe-derivation_2.12-0.9.0-M4.pom.sha1
Downloaded https://repo1.maven.org/maven2/io/circe/circe-core_2.12/0.9.3/circe-core_2.12-0.9.3.pom
Downloading https://repo1.maven.org/maven2/io/zipkin/zipkin2/zipkin/2.12.1/zipkin-2.12.1.pom
Downloaded https://repo1.maven.org/maven2/io/circe/circe-derivation_2.12/0.9.0-M4/circe-derivation_2.12-0.9.0-M4.pom
Downloading https://repo1.maven.org/maven2/org/ow2/asm/asm-tree/6.0/asm-tree-6.0.pom.sha1
Downloaded https://repo1.maven.org/maven2/com/chuusai/shapeless_2.12/2.3.2/shapeless_2.12-2.3.2.pom.sha1
Downloading https://repo1.maven.org/maven2/ch/epfl/scala/zinc-classfile_2.12/1.3.0-M4+22-4704d479/zinc-classfile_2.12-1.3.0-M4+22-4704d479.pom.sha1
Downloaded https://repo1.maven.org/maven2/io/get-coursier/coursier-core_2.12/1.1.0-M14-4/coursier-core_2.12-1.1.0-M14-4.pom
Downloading https://repo1.maven.org/maven2/org/scalaz/scalaz-effect_2.12/7.2.20/scalaz-effect_2.12-7.2.20.pom
Downloaded https://repo1.maven.org/maven2/io/get-coursier/coursier-core_2.12/1.1.0-M14-4/coursier-core_2.12-1.1.0-M14-4.pom.sha1
Downloading https://repo1.maven.org/maven2/io/zipkin/zipkin2/zipkin/2.12.1/zipkin-2.12.1.pom.sha1
Downloaded https://repo1.maven.org/maven2/io/circe/circe-derivation_2.12/0.9.0-M4/circe-derivation_2.12-0.9.0-M4.pom.sha1
Downloading https://repo1.maven.org/maven2/org/scalaz/scalaz-effect_2.12/7.2.20/scalaz-effect_2.12-7.2.20.pom.sha1
Downloaded https://repo1.maven.org/maven2/io/zipkin/zipkin2/zipkin/2.12.1/zipkin-2.12.1.pom
Downloading https://repo1.maven.org/maven2/io/zipkin/reporter2/zipkin-reporter/2.7.15/zipkin-reporter-2.7.15.pom
Downloaded https://repo1.maven.org/maven2/org/scalaz/scalaz-effect_2.12/7.2.20/scalaz-effect_2.12-7.2.20.pom
Downloading https://repo1.maven.org/maven2/io/zipkin/reporter2/zipkin-reporter/2.7.15/zipkin-reporter-2.7.15.pom.sha1
Downloaded https://repo1.maven.org/maven2/ch/epfl/scala/zinc-classfile_2.12/1.3.0-M4+22-4704d479/zinc-classfile_2.12-1.3.0-M4+22-4704d479.pom.sha1
Downloading https://repo1.maven.org/maven2/ch/epfl/scala/zinc-persist_2.12/1.3.0-M4+22-4704d479/zinc-persist_2.12-1.3.0-M4+22-4704d479.pom.sha1
Downloaded https://repo1.maven.org/maven2/io/zipkin/zipkin2/zipkin/2.12.1/zipkin-2.12.1.pom.sha1
Downloading https://repo1.maven.org/maven2/ch/epfl/scala/zinc-persist_2.12/1.3.0-M4+22-4704d479/zinc-persist_2.12-1.3.0-M4+22-4704d479.pom
Downloaded https://repo1.maven.org/maven2/org/ow2/asm/asm-tree/6.0/asm-tree-6.0.pom.sha1
Downloading https://repo1.maven.org/maven2/org/typelevel/macro-compat_2.12/1.1.1/macro-compat_2.12-1.1.1.pom
Downloaded https://repo1.maven.org/maven2/org/scalaz/scalaz-effect_2.12/7.2.20/scalaz-effect_2.12-7.2.20.pom.sha1
Downloading https://repo1.maven.org/maven2/org/typelevel/macro-compat_2.12/1.1.1/macro-compat_2.12-1.1.1.pom.sha1
Downloaded https://repo1.maven.org/maven2/io/zipkin/reporter2/zipkin-reporter/2.7.15/zipkin-reporter-2.7.15.pom
Downloading https://repo1.maven.org/maven2/org/reactivestreams/reactive-streams/1.0.0/reactive-streams-1.0.0.pom
Downloaded https://repo1.maven.org/maven2/ch/epfl/scala/zinc-persist_2.12/1.3.0-M4+22-4704d479/zinc-persist_2.12-1.3.0-M4+22-4704d479.pom.sha1
Downloading https://repo1.maven.org/maven2/io/circe/circe-core_2.12/0.9.3/circe-core_2.12-0.9.3.pom.sha1
Downloaded https://repo1.maven.org/maven2/ch/epfl/scala/zinc-persist_2.12/1.3.0-M4+22-4704d479/zinc-persist_2.12-1.3.0-M4+22-4704d479.pom
Downloading https://repo1.maven.org/maven2/org/scala-sbt/librarymanagement-core_2.12/1.0.0/librarymanagement-core_2.12-1.0.0.pom.sha1
Downloaded https://repo1.maven.org/maven2/io/zipkin/reporter2/zipkin-reporter/2.7.15/zipkin-reporter-2.7.15.pom.sha1
Downloading https://repo1.maven.org/maven2/org/scala-sbt/ivy/ivy/2.3.0-sbt-a3314352b638afbf0dca19f127e8263ed6f898bd/ivy-2.3.0-sbt-a3314352b638afbf0dca19f127e8263ed6f898bd.pom
Downloaded https://repo1.maven.org/maven2/org/typelevel/macro-compat_2.12/1.1.1/macro-compat_2.12-1.1.1.pom
Downloading https://repo1.maven.org/maven2/org/scala-sbt/librarymanagement-core_2.12/1.0.0/librarymanagement-core_2.12-1.0.0.pom
Downloaded https://repo1.maven.org/maven2/org/typelevel/macro-compat_2.12/1.1.1/macro-compat_2.12-1.1.1.pom.sha1
Downloading https://repo1.maven.org/maven2/com/github/alexarchambault/argonaut-shapeless_6.2_2.12/1.2.0-M11/argonaut-shapeless_6.2_2.12-1.2.0-M11.pom
Downloaded https://repo1.maven.org/maven2/org/reactivestreams/reactive-streams/1.0.0/reactive-streams-1.0.0.pom
Downloading https://repo1.maven.org/maven2/org/scala-sbt/ivy/ivy/2.3.0-sbt-a3314352b638afbf0dca19f127e8263ed6f898bd/ivy-2.3.0-sbt-a3314352b638afbf0dca19f127e8263ed6f898bd.pom.sha1
Downloaded https://repo1.maven.org/maven2/org/scala-sbt/ivy/ivy/2.3.0-sbt-a3314352b638afbf0dca19f127e8263ed6f898bd/ivy-2.3.0-sbt-a3314352b638afbf0dca19f127e8263ed6f898bd.pom
Downloading https://repo1.maven.org/maven2/com/github/alexarchambault/argonaut-shapeless_6.2_2.12/1.2.0-M11/argonaut-shapeless_6.2_2.12-1.2.0-M11.pom.sha1
Downloaded https://repo1.maven.org/maven2/org/scala-sbt/librarymanagement-core_2.12/1.0.0/librarymanagement-core_2.12-1.0.0.pom.sha1
Downloading https://repo1.maven.org/maven2/org/scalameta/lsp4s_2.12/0.2.0/lsp4s_2.12-0.2.0.pom
Downloaded https://repo1.maven.org/maven2/io/circe/circe-core_2.12/0.9.3/circe-core_2.12-0.9.3.pom.sha1
Downloading https://repo1.maven.org/maven2/org/slf4j/slf4j-api/1.7.26/slf4j-api-1.7.26.pom.sha1
Downloaded https://repo1.maven.org/maven2/org/scala-sbt/librarymanagement-core_2.12/1.0.0/librarymanagement-core_2.12-1.0.0.pom
Downloading https://repo1.maven.org/maven2/org/scalameta/lsp4s_2.12/0.2.0/lsp4s_2.12-0.2.0.pom.sha1
Downloaded https://repo1.maven.org/maven2/com/github/alexarchambault/argonaut-shapeless_6.2_2.12/1.2.0-M11/argonaut-shapeless_6.2_2.12-1.2.0-M11.pom
Downloading https://repo1.maven.org/maven2/org/slf4j/slf4j-api/1.7.26/slf4j-api-1.7.26.pom
Downloaded https://repo1.maven.org/maven2/org/scala-sbt/ivy/ivy/2.3.0-sbt-a3314352b638afbf0dca19f127e8263ed6f898bd/ivy-2.3.0-sbt-a3314352b638afbf0dca19f127e8263ed6f898bd.pom.sha1
Downloading https://repo1.maven.org/maven2/ch/epfl/scala/zinc-compile-core_2.12/1.3.0-M4+22-4704d479/zinc-compile-core_2.12-1.3.0-M4+22-4704d479.pom.sha1
Downloaded https://repo1.maven.org/maven2/com/github/alexarchambault/argonaut-shapeless_6.2_2.12/1.2.0-M11/argonaut-shapeless_6.2_2.12-1.2.0-M11.pom.sha1
Downloading https://repo1.maven.org/maven2/ch/epfl/scala/zinc-compile-core_2.12/1.3.0-M4+22-4704d479/zinc-compile-core_2.12-1.3.0-M4+22-4704d479.pom
Downloaded https://repo1.maven.org/maven2/org/slf4j/slf4j-api/1.7.26/slf4j-api-1.7.26.pom.sha1
Downloading https://repo1.maven.org/maven2/ch/epfl/scala/zinc-classfile_2.12/1.3.0-M4+22-4704d479/zinc-classfile_2.12-1.3.0-M4+22-4704d479.pom
Downloaded https://repo1.maven.org/maven2/org/scalameta/lsp4s_2.12/0.2.0/lsp4s_2.12-0.2.0.pom
Downloading https://repo1.maven.org/maven2/com/google/protobuf/protobuf-java/3.7.0/protobuf-java-3.7.0.pom.sha1
Downloaded https://repo1.maven.org/maven2/org/scalameta/lsp4s_2.12/0.2.0/lsp4s_2.12-0.2.0.pom.sha1
Downloading https://repo1.maven.org/maven2/ch/epfl/scala/zinc-core_2.12/1.3.0-M4+22-4704d479/zinc-core_2.12-1.3.0-M4+22-4704d479.pom.sha1
Downloaded https://repo1.maven.org/maven2/org/slf4j/slf4j-api/1.7.26/slf4j-api-1.7.26.pom
Downloading https://repo1.maven.org/maven2/ch/epfl/scala/zinc-core_2.12/1.3.0-M4+22-4704d479/zinc-core_2.12-1.3.0-M4+22-4704d479.pom
Downloaded https://repo1.maven.org/maven2/ch/epfl/scala/zinc-compile-core_2.12/1.3.0-M4+22-4704d479/zinc-compile-core_2.12-1.3.0-M4+22-4704d479.pom.sha1
Downloading https://repo1.maven.org/maven2/com/lihaoyi/fansi_2.12/0.2.5/
Downloaded https://repo1.maven.org/maven2/ch/epfl/scala/zinc-classfile_2.12/1.3.0-M4+22-4704d479/zinc-classfile_2.12-1.3.0-M4+22-4704d479.pom
Downloaded https://repo1.maven.org/maven2/ch/epfl/scala/zinc-compile-core_2.12/1.3.0-M4+22-4704d479/zinc-compile-core_2.12-1.3.0-M4+22-4704d479.pom
Downloaded https://repo1.maven.org/maven2/com/google/protobuf/protobuf-java/3.7.0/protobuf-java-3.7.0.pom.sha1
Downloading https://repo1.maven.org/maven2/io/circe/circe-jawn_2.12/0.9.3/
Downloading https://repo1.maven.org/maven2/net/java/dev/jna/jna/4.5.2/
Downloading https://repo1.maven.org/maven2/org/jctools/jctools-core/2.0.1/
Downloaded https://repo1.maven.org/maven2/ch/epfl/scala/zinc-core_2.12/1.3.0-M4+22-4704d479/zinc-core_2.12-1.3.0-M4+22-4704d479.pom.sha1
Downloading https://repo1.maven.org/maven2/com/eed3si9n/sjson-new-core_2.12/0.8.0/
Downloaded https://repo1.maven.org/maven2/ch/epfl/scala/zinc-core_2.12/1.3.0-M4+22-4704d479/zinc-core_2.12-1.3.0-M4+22-4704d479.pom
Downloading https://repo1.maven.org/maven2/io/circe/circe-derivation_2.12/0.9.0-M4/
Downloaded https://repo1.maven.org/maven2/com/lihaoyi/fansi_2.12/0.2.5/
Downloading https://repo1.maven.org/maven2/com/chuusai/shapeless_2.12/2.3.2/
Downloaded https://repo1.maven.org/maven2/org/jctools/jctools-core/2.0.1/
Downloading https://repo1.maven.org/maven2/io/get-coursier/coursier-core_2.12/1.1.0-M14-4/
Downloaded https://repo1.maven.org/maven2/net/java/dev/jna/jna/4.5.2/
Downloading https://repo1.maven.org/maven2/org/ow2/asm/asm-tree/6.0/
Downloaded https://repo1.maven.org/maven2/io/circe/circe-jawn_2.12/0.9.3/
Downloading https://repo1.maven.org/maven2/io/zipkin/zipkin2/zipkin/2.12.1/
Downloaded https://repo1.maven.org/maven2/com/eed3si9n/sjson-new-core_2.12/0.8.0/
Downloading https://repo1.maven.org/maven2/org/scalaz/scalaz-effect_2.12/7.2.20/
Downloaded https://repo1.maven.org/maven2/io/circe/circe-derivation_2.12/0.9.0-M4/
Downloading https://repo1.maven.org/maven2/ch/epfl/scala/zinc-persist_2.12/1.3.0-M4+22-4704d479/
Downloaded https://repo1.maven.org/maven2/org/ow2/asm/asm-tree/6.0/
Downloading https://repo1.maven.org/maven2/io/zipkin/reporter2/zipkin-reporter/2.7.15/
Downloaded https://repo1.maven.org/maven2/com/chuusai/shapeless_2.12/2.3.2/
Downloading https://repo1.maven.org/maven2/org/typelevel/macro-compat_2.12/1.1.1/
Downloaded https://repo1.maven.org/maven2/io/get-coursier/coursier-core_2.12/1.1.0-M14-4/
Downloading https://repo1.maven.org/maven2/org/reactivestreams/reactive-streams/1.0.0/
Downloaded https://repo1.maven.org/maven2/io/zipkin/zipkin2/zipkin/2.12.1/
Downloading https://repo1.maven.org/maven2/org/scala-sbt/librarymanagement-core_2.12/1.0.0/
Downloaded https://repo1.maven.org/maven2/org/scalaz/scalaz-effect_2.12/7.2.20/
Downloading https://repo1.maven.org/maven2/io/circe/circe-core_2.12/0.9.3/
Downloaded https://repo1.maven.org/maven2/ch/epfl/scala/zinc-persist_2.12/1.3.0-M4+22-4704d479/
Downloading https://repo1.maven.org/maven2/org/scala-sbt/ivy/ivy/2.3.0-sbt-a3314352b638afbf0dca19f127e8263ed6f898bd/
Downloaded https://repo1.maven.org/maven2/io/zipkin/reporter2/zipkin-reporter/2.7.15/
Downloading https://repo1.maven.org/maven2/com/github/alexarchambault/argonaut-shapeless_6.2_2.12/1.2.0-M11/
Downloaded https://repo1.maven.org/maven2/org/typelevel/macro-compat_2.12/1.1.1/
Downloading https://repo1.maven.org/maven2/org/scalameta/lsp4s_2.12/0.2.0/
Downloaded https://repo1.maven.org/maven2/org/reactivestreams/reactive-streams/1.0.0/
Downloading https://repo1.maven.org/maven2/org/slf4j/slf4j-api/1.7.26/
Downloaded https://repo1.maven.org/maven2/org/scala-sbt/librarymanagement-core_2.12/1.0.0/
Downloading https://repo1.maven.org/maven2/ch/epfl/scala/zinc-classfile_2.12/1.3.0-M4+22-4704d479/
Downloaded https://repo1.maven.org/maven2/io/circe/circe-core_2.12/0.9.3/
Downloading https://repo1.maven.org/maven2/ch/epfl/scala/zinc-compile-core_2.12/1.3.0-M4+22-4704d479/
Downloaded https://repo1.maven.org/maven2/org/scala-sbt/ivy/ivy/2.3.0-sbt-a3314352b638afbf0dca19f127e8263ed6f898bd/
Downloading https://repo1.maven.org/maven2/com/google/protobuf/protobuf-java/3.7.0/
Downloaded https://repo1.maven.org/maven2/com/github/alexarchambault/argonaut-shapeless_6.2_2.12/1.2.0-M11/
Downloading https://repo1.maven.org/maven2/ch/epfl/scala/zinc-core_2.12/1.3.0-M4+22-4704d479/
Downloaded https://repo1.maven.org/maven2/org/slf4j/slf4j-api/1.7.26/
Downloaded https://repo1.maven.org/maven2/org/scalameta/lsp4s_2.12/0.2.0/
Downloaded https://repo1.maven.org/maven2/ch/epfl/scala/zinc-compile-core_2.12/1.3.0-M4+22-4704d479/
Downloaded https://repo1.maven.org/maven2/ch/epfl/scala/zinc-classfile_2.12/1.3.0-M4+22-4704d479/
Downloaded https://repo1.maven.org/maven2/com/google/protobuf/protobuf-java/3.7.0/
Downloaded https://repo1.maven.org/maven2/ch/epfl/scala/zinc-core_2.12/1.3.0-M4+22-4704d479/
Downloading https://repo1.maven.org/maven2/org/slf4j/slf4j-parent/1.7.26/slf4j-parent-1.7.26.pom
Downloading https://repo1.maven.org/maven2/org/slf4j/slf4j-parent/1.7.26/slf4j-parent-1.7.26.pom.sha1
Downloading https://repo1.maven.org/maven2/com/google/protobuf/protobuf-parent/3.7.0/protobuf-parent-3.7.0.pom.sha1
Downloading https://repo1.maven.org/maven2/com/google/protobuf/protobuf-parent/3.7.0/protobuf-parent-3.7.0.pom
Downloading https://repo1.maven.org/maven2/io/zipkin/zipkin2/parent/2.12.1/parent-2.12.1.pom.sha1
Downloading https://repo1.maven.org/maven2/io/zipkin/zipkin2/parent/2.12.1/parent-2.12.1.pom
Downloaded https://repo1.maven.org/maven2/org/slf4j/slf4j-parent/1.7.26/slf4j-parent-1.7.26.pom
Downloaded https://repo1.maven.org/maven2/io/zipkin/zipkin2/parent/2.12.1/parent-2.12.1.pom.sha1
Downloaded https://repo1.maven.org/maven2/com/google/protobuf/protobuf-parent/3.7.0/protobuf-parent-3.7.0.pom.sha1
Downloaded https://repo1.maven.org/maven2/com/google/protobuf/protobuf-parent/3.7.0/protobuf-parent-3.7.0.pom
Downloading https://repo1.maven.org/maven2/com/google/protobuf/protobuf-parent/3.7.0/
Downloaded https://repo1.maven.org/maven2/io/zipkin/zipkin2/parent/2.12.1/parent-2.12.1.pom
Downloading https://repo1.maven.org/maven2/io/zipkin/zipkin2/parent/2.12.1/
Downloaded https://repo1.maven.org/maven2/com/google/protobuf/protobuf-parent/3.7.0/
Downloaded https://repo1.maven.org/maven2/org/slf4j/slf4j-parent/1.7.26/slf4j-parent-1.7.26.pom.sha1
Downloading https://repo1.maven.org/maven2/org/slf4j/slf4j-parent/1.7.26/
Downloaded https://repo1.maven.org/maven2/io/zipkin/zipkin2/parent/2.12.1/
Downloaded https://repo1.maven.org/maven2/org/slf4j/slf4j-parent/1.7.26/
Downloading https://repo1.maven.org/maven2/com/google/protobuf/protobuf-bom/3.7.0/protobuf-bom-3.7.0.pom
Downloading https://repo1.maven.org/maven2/com/google/protobuf/protobuf-bom/3.7.0/protobuf-bom-3.7.0.pom.sha1
Downloaded https://repo1.maven.org/maven2/com/google/protobuf/protobuf-bom/3.7.0/protobuf-bom-3.7.0.pom
Downloaded https://repo1.maven.org/maven2/com/google/protobuf/protobuf-bom/3.7.0/protobuf-bom-3.7.0.pom.sha1
Downloading https://repo1.maven.org/maven2/com/google/protobuf/protobuf-bom/3.7.0/
Downloaded https://repo1.maven.org/maven2/com/google/protobuf/protobuf-bom/3.7.0/
Downloading https://repo1.maven.org/maven2/org/scala-sbt/launcher-interface/1.0.0/launcher-interface-1.0.0.pom.sha1
Downloading https://repo1.maven.org/maven2/org/scala-sbt/launcher-interface/1.0.0/launcher-interface-1.0.0.pom
Downloading https://repo1.maven.org/maven2/io/argonaut/argonaut_2.12/6.2.3/argonaut_2.12-6.2.3.pom
Downloading https://repo1.maven.org/maven2/ch/epfl/scala/zinc-classpath_2.12/1.3.0-M4+22-4704d479/zinc-classpath_2.12-1.3.0-M4+22-4704d479.pom
Downloading https://repo1.maven.org/maven2/ch/epfl/scala/zinc-classpath_2.12/1.3.0-M4+22-4704d479/zinc-classpath_2.12-1.3.0-M4+22-4704d479.pom.sha1
Downloading https://repo1.maven.org/maven2/io/argonaut/argonaut_2.12/6.2.3/argonaut_2.12-6.2.3.pom.sha1
Downloaded https://repo1.maven.org/maven2/org/scala-sbt/launcher-interface/1.0.0/launcher-interface-1.0.0.pom.sha1
Downloading https://repo1.maven.org/maven2/org/scala-sbt/util-cache_2.12/1.0.0/util-cache_2.12-1.0.0.pom.sha1
Downloaded https://repo1.maven.org/maven2/io/argonaut/argonaut_2.12/6.2.3/argonaut_2.12-6.2.3.pom.sha1
Downloading https://repo1.maven.org/maven2/org/typelevel/cats-core_2.12/1.0.1/cats-core_2.12-1.0.1.pom
Downloaded https://repo1.maven.org/maven2/ch/epfl/scala/zinc-classpath_2.12/1.3.0-M4+22-4704d479/zinc-classpath_2.12-1.3.0-M4+22-4704d479.pom.sha1
Downloading https://repo1.maven.org/maven2/org/typelevel/cats-core_2.12/1.0.1/cats-core_2.12-1.0.1.pom.sha1
Downloaded https://repo1.maven.org/maven2/io/argonaut/argonaut_2.12/6.2.3/argonaut_2.12-6.2.3.pom
Downloading https://repo1.maven.org/maven2/org/scala-sbt/util-position_2.12/1.0.0/util-position_2.12-1.0.0.pom
Downloaded https://repo1.maven.org/maven2/ch/epfl/scala/zinc-classpath_2.12/1.3.0-M4+22-4704d479/zinc-classpath_2.12-1.3.0-M4+22-4704d479.pom
Downloading https://repo1.maven.org/maven2/org/scala-sbt/util-position_2.12/1.0.0/util-position_2.12-1.0.0.pom.sha1
Downloaded https://repo1.maven.org/maven2/org/scala-sbt/util-cache_2.12/1.0.0/util-cache_2.12-1.0.0.pom.sha1
Downloading https://repo1.maven.org/maven2/org/scala-lang/modules/scala-parser-combinators_2.12/1.0.5/scala-parser-combinators_2.12-1.0.5.pom
Downloaded https://repo1.maven.org/maven2/org/typelevel/cats-core_2.12/1.0.1/cats-core_2.12-1.0.1.pom
Downloading https://repo1.maven.org/maven2/org/scala-lang/modules/scala-parser-combinators_2.12/1.0.5/scala-parser-combinators_2.12-1.0.5.pom.sha1
Downloaded https://repo1.maven.org/maven2/org/typelevel/cats-core_2.12/1.0.1/cats-core_2.12-1.0.1.pom.sha1
Downloading https://repo1.maven.org/maven2/ch/epfl/scala/zinc-apiinfo_2.12/1.3.0-M4+22-4704d479/zinc-apiinfo_2.12-1.3.0-M4+22-4704d479.pom.sha1
Downloaded https://repo1.maven.org/maven2/org/scala-sbt/util-position_2.12/1.0.0/util-position_2.12-1.0.0.pom
Downloading https://repo1.maven.org/maven2/org/scala-lang/modules/scala-xml_2.12/1.2.0/scala-xml_2.12-1.2.0.pom.sha1
Downloaded https://repo1.maven.org/maven2/org/scala-sbt/util-position_2.12/1.0.0/util-position_2.12-1.0.0.pom.sha1
Downloading https://repo1.maven.org/maven2/ch/epfl/scala/compiler-interface/1.3.0-M4+22-4704d479/compiler-interface-1.3.0-M4+22-4704d479.pom
Downloaded https://repo1.maven.org/maven2/org/scala-sbt/launcher-interface/1.0.0/launcher-interface-1.0.0.pom
Downloading https://repo1.maven.org/maven2/ch/epfl/scala/zinc-apiinfo_2.12/1.3.0-M4+22-4704d479/zinc-apiinfo_2.12-1.3.0-M4+22-4704d479.pom
Downloaded https://repo1.maven.org/maven2/org/scala-lang/modules/scala-xml_2.12/1.2.0/scala-xml_2.12-1.2.0.pom.sha1
Downloading https://repo1.maven.org/maven2/org/scala-lang/modules/scala-xml_2.12/1.2.0/scala-xml_2.12-1.2.0.pom
Downloaded https://repo1.maven.org/maven2/ch/epfl/scala/zinc-apiinfo_2.12/1.3.0-M4+22-4704d479/zinc-apiinfo_2.12-1.3.0-M4+22-4704d479.pom.sha1
Downloading https://repo1.maven.org/maven2/ch/epfl/scala/compiler-interface/1.3.0-M4+22-4704d479/compiler-interface-1.3.0-M4+22-4704d479.pom.sha1
Downloaded https://repo1.maven.org/maven2/org/scala-lang/modules/scala-parser-combinators_2.12/1.0.5/scala-parser-combinators_2.12-1.0.5.pom
Downloading https://repo1.maven.org/maven2/org/scala-sbt/util-relation_2.12/1.2.1/util-relation_2.12-1.2.1.pom
Downloaded https://repo1.maven.org/maven2/ch/epfl/scala/compiler-interface/1.3.0-M4+22-4704d479/compiler-interface-1.3.0-M4+22-4704d479.pom
Downloading https://repo1.maven.org/maven2/org/scala-sbt/util-relation_2.12/1.2.1/util-relation_2.12-1.2.1.pom.sha1
Downloaded https://repo1.maven.org/maven2/org/scala-lang/modules/scala-parser-combinators_2.12/1.0.5/scala-parser-combinators_2.12-1.0.5.pom.sha1
Downloading https://repo1.maven.org/maven2/com/jcraft/jsch/0.1.46/jsch-0.1.46.pom
Downloaded https://repo1.maven.org/maven2/ch/epfl/scala/zinc-apiinfo_2.12/1.3.0-M4+22-4704d479/zinc-apiinfo_2.12-1.3.0-M4+22-4704d479.pom
Downloading https://repo1.maven.org/maven2/com/eed3si9n/gigahorse-okhttp_2.12/0.3.0/gigahorse-okhttp_2.12-0.3.0.pom
Downloaded https://repo1.maven.org/maven2/ch/epfl/scala/compiler-interface/1.3.0-M4+22-4704d479/compiler-interface-1.3.0-M4+22-4704d479.pom.sha1
Downloading https://repo1.maven.org/maven2/org/scala-sbt/util-cache_2.12/1.0.0/util-cache_2.12-1.0.0.pom
Downloaded https://repo1.maven.org/maven2/org/scala-lang/modules/scala-xml_2.12/1.2.0/scala-xml_2.12-1.2.0.pom
Downloading https://repo1.maven.org/maven2/com/chuusai/shapeless_2.12/2.3.3/shapeless_2.12-2.3.3.pom
Downloaded https://repo1.maven.org/maven2/org/scala-sbt/util-relation_2.12/1.2.1/util-relation_2.12-1.2.1.pom.sha1
Downloading https://repo1.maven.org/maven2/com/jcraft/jsch/0.1.46/jsch-0.1.46.pom.sha1
Downloaded https://repo1.maven.org/maven2/com/eed3si9n/gigahorse-okhttp_2.12/0.3.0/gigahorse-okhttp_2.12-0.3.0.pom
Downloading https://repo1.maven.org/maven2/com/eed3si9n/gigahorse-okhttp_2.12/0.3.0/gigahorse-okhttp_2.12-0.3.0.pom.sha1
Downloaded https://repo1.maven.org/maven2/com/jcraft/jsch/0.1.46/jsch-0.1.46.pom
Downloading https://repo1.maven.org/maven2/com/chuusai/shapeless_2.12/2.3.3/shapeless_2.12-2.3.3.pom.sha1
Downloaded https://repo1.maven.org/maven2/org/scala-sbt/util-relation_2.12/1.2.1/util-relation_2.12-1.2.1.pom
Downloading https://repo1.maven.org/maven2/com/beachape/enumeratum_2.12/1.5.13/enumeratum_2.12-1.5.13.pom.sha1
Downloaded https://repo1.maven.org/maven2/com/chuusai/shapeless_2.12/2.3.3/shapeless_2.12-2.3.3.pom
Downloading https://repo1.maven.org/maven2/org/scala-sbt/io_2.12/1.2.0/io_2.12-1.2.0.pom
Downloaded https://repo1.maven.org/maven2/com/beachape/enumeratum_2.12/1.5.13/enumeratum_2.12-1.5.13.pom.sha1
Downloading https://repo1.maven.org/maven2/org/scala-sbt/io_2.12/1.2.0/io_2.12-1.2.0.pom.sha1
Downloaded https://repo1.maven.org/maven2/com/chuusai/shapeless_2.12/2.3.3/shapeless_2.12-2.3.3.pom.sha1
Downloading https://repo1.maven.org/maven2/com/squareup/okhttp3/okhttp-urlconnection/3.7.0/okhttp-urlconnection-3.7.0.pom
Downloaded https://repo1.maven.org/maven2/org/scala-sbt/util-cache_2.12/1.0.0/util-cache_2.12-1.0.0.pom
Downloading https://repo1.maven.org/maven2/com/squareup/okhttp3/okhttp-urlconnection/3.7.0/okhttp-urlconnection-3.7.0.pom.sha1
Downloaded https://repo1.maven.org/maven2/com/eed3si9n/gigahorse-okhttp_2.12/0.3.0/gigahorse-okhttp_2.12-0.3.0.pom.sha1
Downloading https://repo1.maven.org/maven2/com/beachape/enumeratum_2.12/1.5.13/enumeratum_2.12-1.5.13.pom
Downloaded https://repo1.maven.org/maven2/com/squareup/okhttp3/okhttp-urlconnection/3.7.0/okhttp-urlconnection-3.7.0.pom
Downloading https://repo1.maven.org/maven2/io/circe/circe-numbers_2.12/0.9.3/circe-numbers_2.12-0.9.3.pom
Downloaded https://repo1.maven.org/maven2/org/scala-sbt/io_2.12/1.2.0/io_2.12-1.2.0.pom.sha1
Downloading https://repo1.maven.org/maven2/io/circe/circe-numbers_2.12/0.9.3/circe-numbers_2.12-0.9.3.pom.sha1
Downloaded https://repo1.maven.org/maven2/org/scala-sbt/io_2.12/1.2.0/io_2.12-1.2.0.pom
Downloading https://repo1.maven.org/maven2/org/scala-sbt/util-control_2.12/1.2.1/util-control_2.12-1.2.1.pom
Downloaded https://repo1.maven.org/maven2/com/squareup/okhttp3/okhttp-urlconnection/3.7.0/okhttp-urlconnection-3.7.0.pom.sha1
Downloading https://repo1.maven.org/maven2/org/spire-math/jawn-parser_2.12/0.11.1/jawn-parser_2.12-0.11.1.pom
Downloaded https://repo1.maven.org/maven2/com/beachape/enumeratum_2.12/1.5.13/enumeratum_2.12-1.5.13.pom
Downloading https://repo1.maven.org/maven2/org/spire-math/jawn-parser_2.12/0.11.1/jawn-parser_2.12-0.11.1.pom.sha1
Downloaded https://repo1.maven.org/maven2/com/jcraft/jsch/0.1.46/jsch-0.1.46.pom.sha1
Downloading https://repo1.maven.org/maven2/org/scala-sbt/util-control_2.12/1.2.1/util-control_2.12-1.2.1.pom.sha1
Downloaded https://repo1.maven.org/maven2/io/circe/circe-numbers_2.12/0.9.3/circe-numbers_2.12-0.9.3.pom.sha1
Downloaded https://repo1.maven.org/maven2/io/circe/circe-numbers_2.12/0.9.3/circe-numbers_2.12-0.9.3.pom
Downloading https://repo1.maven.org/maven2/com/beachape/enumeratum-circe_2.12/1.5.17/enumeratum-circe_2.12-1.5.17.pom
Downloading https://repo1.maven.org/maven2/com/beachape/enumeratum-circe_2.12/1.5.17/enumeratum-circe_2.12-1.5.17.pom.sha1
Downloaded https://repo1.maven.org/maven2/org/spire-math/jawn-parser_2.12/0.11.1/jawn-parser_2.12-0.11.1.pom.sha1
Downloading https://repo1.maven.org/maven2/org/scalameta/jsonrpc_2.12/0.2.0/jsonrpc_2.12-0.2.0.pom
Downloaded https://repo1.maven.org/maven2/org/scala-sbt/util-control_2.12/1.2.1/util-control_2.12-1.2.1.pom
Downloading https://repo1.maven.org/maven2/org/scalameta/jsonrpc_2.12/0.2.0/jsonrpc_2.12-0.2.0.pom.sha1
Downloaded https://repo1.maven.org/maven2/org/spire-math/jawn-parser_2.12/0.11.1/jawn-parser_2.12-0.11.1.pom
Downloading https://repo1.maven.org/maven2/org/scala-sbt/util-logging_2.12/1.2.1/util-logging_2.12-1.2.1.pom.sha1
Downloaded https://repo1.maven.org/maven2/org/scala-sbt/util-control_2.12/1.2.1/util-control_2.12-1.2.1.pom.sha1
Downloading https://repo1.maven.org/maven2/org/scala-sbt/util-logging_2.12/1.2.1/util-logging_2.12-1.2.1.pom
Downloaded https://repo1.maven.org/maven2/org/scalameta/jsonrpc_2.12/0.2.0/jsonrpc_2.12-0.2.0.pom
Downloaded https://repo1.maven.org/maven2/com/beachape/enumeratum-circe_2.12/1.5.17/enumeratum-circe_2.12-1.5.17.pom.sha1
Downloaded https://repo1.maven.org/maven2/org/scala-sbt/util-logging_2.12/1.2.1/util-logging_2.12-1.2.1.pom.sha1
Downloading https://repo1.maven.org/maven2/org/scala-lang/scala-compiler/2.12.8/
Downloading https://repo1.maven.org/maven2/org/scala-sbt/sbinary_2.12/0.4.4/sbinary_2.12-0.4.4.pom.sha1
Downloading https://repo1.maven.org/maven2/org/scala-sbt/sbinary_2.12/0.4.4/sbinary_2.12-0.4.4.pom
Downloaded https://repo1.maven.org/maven2/org/scalameta/jsonrpc_2.12/0.2.0/jsonrpc_2.12-0.2.0.pom.sha1
Downloading https://repo1.maven.org/maven2/com/thesamet/scalapb/scalapb-runtime_2.12/0.8.0-RC1/
Downloaded https://repo1.maven.org/maven2/com/beachape/enumeratum-circe_2.12/1.5.17/enumeratum-circe_2.12-1.5.17.pom
Downloading https://repo1.maven.org/maven2/org/scala-lang/scala-reflect/2.12.8/
Downloaded https://repo1.maven.org/maven2/org/scala-sbt/util-logging_2.12/1.2.1/util-logging_2.12-1.2.1.pom
Downloading https://repo1.maven.org/maven2/io/argonaut/argonaut_2.12/6.2.3/
Downloaded https://repo1.maven.org/maven2/org/scala-sbt/sbinary_2.12/0.4.4/sbinary_2.12-0.4.4.pom.sha1
Downloading https://repo1.maven.org/maven2/ch/epfl/scala/zinc-classpath_2.12/1.3.0-M4+22-4704d479/
Downloaded https://repo1.maven.org/maven2/com/thesamet/scalapb/scalapb-runtime_2.12/0.8.0-RC1/
Downloading https://repo1.maven.org/maven2/org/typelevel/cats-core_2.12/1.0.1/
Downloaded https://repo1.maven.org/maven2/org/scala-sbt/sbinary_2.12/0.4.4/sbinary_2.12-0.4.4.pom
Downloading https://repo1.maven.org/maven2/org/scala-lang/modules/scala-parser-combinators_2.12/1.0.5/
Downloaded https://repo1.maven.org/maven2/org/scala-lang/scala-reflect/2.12.8/
Downloading https://repo1.maven.org/maven2/ch/epfl/scala/compiler-interface/1.3.0-M4+22-4704d479/
Downloaded https://repo1.maven.org/maven2/org/scala-lang/scala-compiler/2.12.8/
Downloading https://repo1.maven.org/maven2/org/scala-sbt/util-position_2.12/1.0.0/
Downloaded https://repo1.maven.org/maven2/ch/epfl/scala/zinc-classpath_2.12/1.3.0-M4+22-4704d479/
Downloading https://repo1.maven.org/maven2/ch/epfl/scala/zinc-apiinfo_2.12/1.3.0-M4+22-4704d479/
Downloaded https://repo1.maven.org/maven2/org/typelevel/cats-core_2.12/1.0.1/
Downloading https://repo1.maven.org/maven2/org/scala-lang/modules/scala-xml_2.12/1.2.0/
Downloaded https://repo1.maven.org/maven2/org/scala-sbt/util-position_2.12/1.0.0/
Downloading https://repo1.maven.org/maven2/com/chuusai/shapeless_2.12/2.3.3/
Downloaded https://repo1.maven.org/maven2/ch/epfl/scala/compiler-interface/1.3.0-M4+22-4704d479/
Downloading https://repo1.maven.org/maven2/org/scala-sbt/util-relation_2.12/1.2.1/
Downloaded https://repo1.maven.org/maven2/org/scala-lang/modules/scala-parser-combinators_2.12/1.0.5/
Downloading https://repo1.maven.org/maven2/org/scala-sbt/launcher-interface/1.0.0/
Downloaded https://repo1.maven.org/maven2/io/argonaut/argonaut_2.12/6.2.3/
Downloading https://repo1.maven.org/maven2/org/scala-sbt/util-cache_2.12/1.0.0/
Downloaded https://repo1.maven.org/maven2/ch/epfl/scala/zinc-apiinfo_2.12/1.3.0-M4+22-4704d479/
Downloading https://repo1.maven.org/maven2/org/scala-sbt/io_2.12/1.2.0/
Downloaded https://repo1.maven.org/maven2/org/scala-lang/modules/scala-xml_2.12/1.2.0/
Downloading https://repo1.maven.org/maven2/com/eed3si9n/gigahorse-okhttp_2.12/0.3.0/
Downloaded https://repo1.maven.org/maven2/org/scala-sbt/util-relation_2.12/1.2.1/
Downloading https://repo1.maven.org/maven2/com/squareup/okhttp3/okhttp-urlconnection/3.7.0/
Downloaded https://repo1.maven.org/maven2/com/chuusai/shapeless_2.12/2.3.3/
Downloading https://repo1.maven.org/maven2/com/beachape/enumeratum_2.12/1.5.13/
Downloaded https://repo1.maven.org/maven2/org/scala-sbt/launcher-interface/1.0.0/
Downloading https://repo1.maven.org/maven2/com/jcraft/jsch/0.1.46/
Downloaded https://repo1.maven.org/maven2/org/scala-sbt/util-cache_2.12/1.0.0/
Downloading https://repo1.maven.org/maven2/org/spire-math/jawn-parser_2.12/0.11.1/
Downloaded https://repo1.maven.org/maven2/com/eed3si9n/gigahorse-okhttp_2.12/0.3.0/
Downloading https://repo1.maven.org/maven2/io/circe/circe-numbers_2.12/0.9.3/
Downloaded https://repo1.maven.org/maven2/org/scala-sbt/io_2.12/1.2.0/
Downloading https://repo1.maven.org/maven2/org/scala-sbt/util-control_2.12/1.2.1/
Downloaded https://repo1.maven.org/maven2/com/squareup/okhttp3/okhttp-urlconnection/3.7.0/
Downloading https://repo1.maven.org/maven2/com/beachape/enumeratum-circe_2.12/1.5.17/
Downloaded https://repo1.maven.org/maven2/com/beachape/enumeratum_2.12/1.5.13/
Downloading https://repo1.maven.org/maven2/org/scalameta/jsonrpc_2.12/0.2.0/
Downloaded https://repo1.maven.org/maven2/com/jcraft/jsch/0.1.46/
Downloading https://repo1.maven.org/maven2/org/scala-sbt/util-logging_2.12/1.2.1/
Downloaded https://repo1.maven.org/maven2/org/spire-math/jawn-parser_2.12/0.11.1/
Downloading https://repo1.maven.org/maven2/org/scala-sbt/sbinary_2.12/0.4.4/
Downloaded https://repo1.maven.org/maven2/io/circe/circe-numbers_2.12/0.9.3/
Downloaded https://repo1.maven.org/maven2/org/scala-sbt/util-control_2.12/1.2.1/
Downloaded https://repo1.maven.org/maven2/org/scalameta/jsonrpc_2.12/0.2.0/
Downloaded https://repo1.maven.org/maven2/com/beachape/enumeratum-circe_2.12/1.5.17/
Downloaded https://repo1.maven.org/maven2/org/scala-sbt/util-logging_2.12/1.2.1/
Downloaded https://repo1.maven.org/maven2/org/scala-sbt/sbinary_2.12/0.4.4/
Downloading https://repo1.maven.org/maven2/com/squareup/okhttp3/parent/3.7.0/parent-3.7.0.pom
Downloading https://repo1.maven.org/maven2/com/squareup/okhttp3/parent/3.7.0/parent-3.7.0.pom.sha1
Downloading https://repo1.maven.org/maven2/org/sonatype/oss/oss-parent/6/oss-parent-6.pom.sha1
Downloading https://repo1.maven.org/maven2/org/sonatype/oss/oss-parent/6/oss-parent-6.pom
Downloaded https://repo1.maven.org/maven2/org/sonatype/oss/oss-parent/6/oss-parent-6.pom.sha1
Downloaded https://repo1.maven.org/maven2/org/sonatype/oss/oss-parent/6/oss-parent-6.pom
Downloading https://repo1.maven.org/maven2/org/sonatype/oss/oss-parent/6/
Downloaded https://repo1.maven.org/maven2/com/squareup/okhttp3/parent/3.7.0/parent-3.7.0.pom.sha1
Downloaded https://repo1.maven.org/maven2/com/squareup/okhttp3/parent/3.7.0/parent-3.7.0.pom
Downloading https://repo1.maven.org/maven2/com/squareup/okhttp3/parent/3.7.0/
Downloaded https://repo1.maven.org/maven2/org/sonatype/oss/oss-parent/6/
Downloaded https://repo1.maven.org/maven2/com/squareup/okhttp3/parent/3.7.0/
Downloading https://repo1.maven.org/maven2/org/typelevel/machinist_2.12/0.6.2/machinist_2.12-0.6.2.pom
Downloading https://repo1.maven.org/maven2/org/scala-sbt/util-interface/1.2.1/util-interface-1.2.1.pom.sha1
Downloading https://repo1.maven.org/maven2/org/scala-sbt/util-interface/1.2.1/util-interface-1.2.1.pom
Downloading https://repo1.maven.org/maven2/com/eed3si9n/sjson-new-scalajson_2.12/0.8.2/sjson-new-scalajson_2.12-0.8.2.pom
Downloading https://repo1.maven.org/maven2/org/typelevel/machinist_2.12/0.6.2/machinist_2.12-0.6.2.pom.sha1
Downloading https://repo1.maven.org/maven2/org/apache/logging/log4j/log4j-core/2.8.1/log4j-core-2.8.1.pom
Downloaded https://repo1.maven.org/maven2/org/typelevel/machinist_2.12/0.6.2/machinist_2.12-0.6.2.pom
Downloading https://repo1.maven.org/maven2/org/apache/logging/log4j/log4j-core/2.8.1/log4j-core-2.8.1.pom.sha1
Downloaded https://repo1.maven.org/maven2/org/typelevel/machinist_2.12/0.6.2/machinist_2.12-0.6.2.pom.sha1
Downloading https://repo1.maven.org/maven2/com/eed3si9n/sjson-new-scalajson_2.12/0.8.2/sjson-new-scalajson_2.12-0.8.2.pom.sha1
Downloaded https://repo1.maven.org/maven2/com/eed3si9n/sjson-new-scalajson_2.12/0.8.2/sjson-new-scalajson_2.12-0.8.2.pom
Downloading https://repo1.maven.org/maven2/org/typelevel/cats-macros_2.12/1.0.1/cats-macros_2.12-1.0.1.pom.sha1
Downloaded https://repo1.maven.org/maven2/org/scala-sbt/util-interface/1.2.1/util-interface-1.2.1.pom.sha1
Downloading https://repo1.maven.org/maven2/org/typelevel/cats-macros_2.12/1.0.1/cats-macros_2.12-1.0.1.pom
Downloaded https://repo1.maven.org/maven2/org/apache/logging/log4j/log4j-core/2.8.1/log4j-core-2.8.1.pom
Downloading https://repo1.maven.org/maven2/com/eed3si9n/sjson-new-core_2.12/0.8.2/sjson-new-core_2.12-0.8.2.pom
Downloaded https://repo1.maven.org/maven2/org/apache/logging/log4j/log4j-core/2.8.1/log4j-core-2.8.1.pom.sha1
Downloading https://repo1.maven.org/maven2/org/typelevel/cats-core_2.12/1.1.0/cats-core_2.12-1.1.0.pom
Downloaded https://repo1.maven.org/maven2/com/eed3si9n/sjson-new-scalajson_2.12/0.8.2/sjson-new-scalajson_2.12-0.8.2.pom.sha1
Downloading https://repo1.maven.org/maven2/org/typelevel/cats-core_2.12/1.1.0/cats-core_2.12-1.1.0.pom.sha1
Downloaded https://repo1.maven.org/maven2/org/typelevel/cats-macros_2.12/1.0.1/cats-macros_2.12-1.0.1.pom.sha1
Downloading https://repo1.maven.org/maven2/jline/jline/2.14.4/jline-2.14.4.pom.sha1
Downloaded https://repo1.maven.org/maven2/org/typelevel/cats-macros_2.12/1.0.1/cats-macros_2.12-1.0.1.pom
Downloading https://repo1.maven.org/maven2/com/eed3si9n/sjson-new-murmurhash_2.12/0.8.0/sjson-new-murmurhash_2.12-0.8.0.pom
Downloaded https://repo1.maven.org/maven2/org/scala-sbt/util-interface/1.2.1/util-interface-1.2.1.pom
Downloading https://repo1.maven.org/maven2/com/squareup/okhttp3/okhttp/3.7.0/okhttp-3.7.0.pom
Downloaded https://repo1.maven.org/maven2/com/eed3si9n/sjson-new-core_2.12/0.8.2/sjson-new-core_2.12-0.8.2.pom
Downloading https://repo1.maven.org/maven2/jline/jline/2.14.4/jline-2.14.4.pom
Downloaded https://repo1.maven.org/maven2/org/typelevel/cats-core_2.12/1.1.0/cats-core_2.12-1.1.0.pom
Downloading https://repo1.maven.org/maven2/com/beachape/enumeratum-macros_2.12/1.5.9/enumeratum-macros_2.12-1.5.9.pom
Downloaded https://repo1.maven.org/maven2/org/typelevel/cats-core_2.12/1.1.0/cats-core_2.12-1.1.0.pom.sha1
Downloading https://repo1.maven.org/maven2/com/eed3si9n/sjson-new-core_2.12/0.8.2/sjson-new-core_2.12-0.8.2.pom.sha1
Downloaded https://repo1.maven.org/maven2/jline/jline/2.14.4/jline-2.14.4.pom.sha1
Downloading https://repo1.maven.org/maven2/com/squareup/okhttp3/okhttp/3.7.0/okhttp-3.7.0.pom.sha1
Downloaded https://repo1.maven.org/maven2/com/eed3si9n/sjson-new-murmurhash_2.12/0.8.0/sjson-new-murmurhash_2.12-0.8.0.pom
Downloading https://repo1.maven.org/maven2/com/beachape/enumeratum-macros_2.12/1.5.9/enumeratum-macros_2.12-1.5.9.pom.sha1
Downloaded https://repo1.maven.org/maven2/jline/jline/2.14.4/jline-2.14.4.pom
Downloading https://repo1.maven.org/maven2/com/eed3si9n/sjson-new-murmurhash_2.12/0.8.0/sjson-new-murmurhash_2.12-0.8.0.pom.sha1
Downloaded https://repo1.maven.org/maven2/com/squareup/okhttp3/okhttp/3.7.0/okhttp-3.7.0.pom
Downloading https://repo1.maven.org/maven2/ch/epfl/scala/compiler-bridge_2.12/1.3.0-M4+22-4704d479/compiler-bridge_2.12-1.3.0-M4+22-4704d479.pom
Downloaded https://repo1.maven.org/maven2/com/beachape/enumeratum-macros_2.12/1.5.9/enumeratum-macros_2.12-1.5.9.pom.sha1
Downloading https://repo1.maven.org/maven2/com/lmax/disruptor/3.3.6/disruptor-3.3.6.pom
Downloaded https://repo1.maven.org/maven2/com/beachape/enumeratum-macros_2.12/1.5.9/enumeratum-macros_2.12-1.5.9.pom
Downloading https://repo1.maven.org/maven2/com/lmax/disruptor/3.3.6/disruptor-3.3.6.pom.sha1
Downloaded https://repo1.maven.org/maven2/com/eed3si9n/sjson-new-core_2.12/0.8.2/sjson-new-core_2.12-0.8.2.pom.sha1
Downloading https://repo1.maven.org/maven2/ch/epfl/scala/compiler-bridge_2.12/1.3.0-M4+22-4704d479/compiler-bridge_2.12-1.3.0-M4+22-4704d479.pom.sha1
Downloaded https://repo1.maven.org/maven2/com/squareup/okhttp3/okhttp/3.7.0/okhttp-3.7.0.pom.sha1
Downloading https://repo1.maven.org/maven2/org/apache/logging/log4j/log4j-api/2.8.1/log4j-api-2.8.1.pom
Downloaded https://repo1.maven.org/maven2/com/eed3si9n/sjson-new-murmurhash_2.12/0.8.0/sjson-new-murmurhash_2.12-0.8.0.pom.sha1
Downloading https://repo1.maven.org/maven2/org/apache/logging/log4j/log4j-api/2.8.1/log4j-api-2.8.1.pom.sha1
Downloaded https://repo1.maven.org/maven2/com/lmax/disruptor/3.3.6/disruptor-3.3.6.pom
Downloading https://repo1.maven.org/maven2/org/typelevel/cats-kernel_2.12/1.0.1/cats-kernel_2.12-1.0.1.pom
Downloaded https://repo1.maven.org/maven2/com/lmax/disruptor/3.3.6/disruptor-3.3.6.pom.sha1
Downloading https://repo1.maven.org/maven2/org/typelevel/cats-kernel_2.12/1.0.1/cats-kernel_2.12-1.0.1.pom.sha1
Downloaded https://repo1.maven.org/maven2/ch/epfl/scala/compiler-bridge_2.12/1.3.0-M4+22-4704d479/compiler-bridge_2.12-1.3.0-M4+22-4704d479.pom
Downloading https://repo1.maven.org/maven2/com/swoval/apple-file-events/1.3.2/apple-file-events-1.3.2.pom
Downloaded https://repo1.maven.org/maven2/org/apache/logging/log4j/log4j-api/2.8.1/log4j-api-2.8.1.pom
Downloading https://repo1.maven.org/maven2/com/swoval/apple-file-events/1.3.2/apple-file-events-1.3.2.pom.sha1
Downloaded https://repo1.maven.org/maven2/org/typelevel/cats-kernel_2.12/1.0.1/cats-kernel_2.12-1.0.1.pom.sha1
Downloading https://repo1.maven.org/maven2/com/outr/scribe_2.12/2.5.0/scribe_2.12-2.5.0.pom
Downloaded https://repo1.maven.org/maven2/ch/epfl/scala/compiler-bridge_2.12/1.3.0-M4+22-4704d479/compiler-bridge_2.12-1.3.0-M4+22-4704d479.pom.sha1
Downloading https://repo1.maven.org/maven2/com/outr/scribe_2.12/2.5.0/scribe_2.12-2.5.0.pom.sha1
Downloaded https://repo1.maven.org/maven2/com/swoval/apple-file-events/1.3.2/apple-file-events-1.3.2.pom
Downloaded https://repo1.maven.org/maven2/org/typelevel/cats-kernel_2.12/1.0.1/cats-kernel_2.12-1.0.1.pom
Downloading https://repo1.maven.org/maven2/com/thesamet/scalapb/lenses_2.12/0.8.0-RC1/
Downloading https://repo1.maven.org/maven2/com/lihaoyi/fastparse_2.12/1.0.0/
Downloaded https://repo1.maven.org/maven2/com/swoval/apple-file-events/1.3.2/apple-file-events-1.3.2.pom.sha1
Downloaded https://repo1.maven.org/maven2/org/apache/logging/log4j/log4j-api/2.8.1/log4j-api-2.8.1.pom.sha1
Downloading https://repo1.maven.org/maven2/org/apache/logging/log4j/log4j-core/2.8.1/
Downloading https://repo1.maven.org/maven2/org/typelevel/machinist_2.12/0.6.2/
Downloaded https://repo1.maven.org/maven2/com/outr/scribe_2.12/2.5.0/scribe_2.12-2.5.0.pom.sha1
Downloading https://repo1.maven.org/maven2/com/eed3si9n/sjson-new-scalajson_2.12/0.8.2/
Downloaded https://repo1.maven.org/maven2/com/lihaoyi/fastparse_2.12/1.0.0/
Downloading https://repo1.maven.org/maven2/org/typelevel/cats-macros_2.12/1.0.1/
Downloaded https://repo1.maven.org/maven2/com/outr/scribe_2.12/2.5.0/scribe_2.12-2.5.0.pom
Downloading https://repo1.maven.org/maven2/org/scala-sbt/util-interface/1.2.1/
Downloaded https://repo1.maven.org/maven2/org/typelevel/machinist_2.12/0.6.2/
Downloading https://repo1.maven.org/maven2/org/typelevel/cats-core_2.12/1.1.0/
Downloaded https://repo1.maven.org/maven2/com/thesamet/scalapb/lenses_2.12/0.8.0-RC1/
Downloading https://repo1.maven.org/maven2/jline/jline/2.14.4/
Downloaded https://repo1.maven.org/maven2/org/apache/logging/log4j/log4j-core/2.8.1/
Downloading https://repo1.maven.org/maven2/com/eed3si9n/gigahorse-core_2.12/0.3.0/gigahorse-core_2.12-0.3.0.pom
Downloaded https://repo1.maven.org/maven2/org/scala-sbt/util-interface/1.2.1/
Downloading https://repo1.maven.org/maven2/com/beachape/enumeratum-macros_2.12/1.5.9/
Downloaded https://repo1.maven.org/maven2/org/typelevel/cats-core_2.12/1.1.0/
Downloading https://repo1.maven.org/maven2/com/eed3si9n/gigahorse-core_2.12/0.3.0/gigahorse-core_2.12-0.3.0.pom.sha1
Downloaded https://repo1.maven.org/maven2/com/eed3si9n/sjson-new-scalajson_2.12/0.8.2/
Downloading https://repo1.maven.org/maven2/com/eed3si9n/sjson-new-core_2.12/0.8.2/
Downloaded https://repo1.maven.org/maven2/jline/jline/2.14.4/
Downloading https://repo1.maven.org/maven2/com/eed3si9n/sjson-new-murmurhash_2.12/0.8.0/
Downloaded https://repo1.maven.org/maven2/org/typelevel/cats-macros_2.12/1.0.1/
Downloading https://repo1.maven.org/maven2/com/lmax/disruptor/3.3.6/
Downloaded https://repo1.maven.org/maven2/com/eed3si9n/gigahorse-core_2.12/0.3.0/gigahorse-core_2.12-0.3.0.pom.sha1
Downloading https://repo1.maven.org/maven2/ch/epfl/scala/compiler-bridge_2.12/1.3.0-M4+22-4704d479/
Downloaded https://repo1.maven.org/maven2/com/eed3si9n/sjson-new-murmurhash_2.12/0.8.0/
Downloading https://repo1.maven.org/maven2/org/typelevel/cats-kernel_2.12/1.0.1/
Downloaded https://repo1.maven.org/maven2/com/eed3si9n/gigahorse-core_2.12/0.3.0/gigahorse-core_2.12-0.3.0.pom
Downloading https://repo1.maven.org/maven2/com/squareup/okhttp3/okhttp/3.7.0/
Downloaded https://repo1.maven.org/maven2/com/beachape/enumeratum-macros_2.12/1.5.9/
Downloading https://repo1.maven.org/maven2/com/swoval/apple-file-events/1.3.2/
Downloaded https://repo1.maven.org/maven2/com/eed3si9n/sjson-new-core_2.12/0.8.2/
Downloading https://repo1.maven.org/maven2/org/apache/logging/log4j/log4j-api/2.8.1/
Downloaded https://repo1.maven.org/maven2/org/apache/logging/log4j/log4j-api/2.8.1/
Downloading https://repo1.maven.org/maven2/com/outr/scribe_2.12/2.5.0/
Downloaded https://repo1.maven.org/maven2/ch/epfl/scala/compiler-bridge_2.12/1.3.0-M4+22-4704d479/
Downloading https://repo1.maven.org/maven2/com/eed3si9n/gigahorse-core_2.12/0.3.0/
Downloaded https://repo1.maven.org/maven2/com/lmax/disruptor/3.3.6/
Downloaded https://repo1.maven.org/maven2/com/swoval/apple-file-events/1.3.2/
Downloaded https://repo1.maven.org/maven2/com/squareup/okhttp3/okhttp/3.7.0/
Downloaded https://repo1.maven.org/maven2/org/typelevel/cats-kernel_2.12/1.0.1/
Downloaded https://repo1.maven.org/maven2/com/eed3si9n/gigahorse-core_2.12/0.3.0/
Downloaded https://repo1.maven.org/maven2/com/outr/scribe_2.12/2.5.0/
Downloading https://repo1.maven.org/maven2/org/apache/logging/log4j/log4j/2.8.1/log4j-2.8.1.pom
Downloading https://repo1.maven.org/maven2/org/apache/logging/log4j/log4j/2.8.1/log4j-2.8.1.pom.sha1
Downloaded https://repo1.maven.org/maven2/org/apache/logging/log4j/log4j/2.8.1/log4j-2.8.1.pom.sha1
Downloaded https://repo1.maven.org/maven2/org/apache/logging/log4j/log4j/2.8.1/log4j-2.8.1.pom
Downloading https://repo1.maven.org/maven2/org/apache/logging/log4j/log4j/2.8.1/
Downloaded https://repo1.maven.org/maven2/org/apache/logging/log4j/log4j/2.8.1/
Downloading https://repo1.maven.org/maven2/org/apache/logging/logging-parent/1/logging-parent-1.pom
Downloading https://repo1.maven.org/maven2/org/apache/logging/logging-parent/1/logging-parent-1.pom.sha1
Downloaded https://repo1.maven.org/maven2/org/apache/logging/logging-parent/1/logging-parent-1.pom.sha1
Downloaded https://repo1.maven.org/maven2/org/apache/logging/logging-parent/1/logging-parent-1.pom
Downloading https://repo1.maven.org/maven2/org/apache/logging/logging-parent/1/
Downloaded https://repo1.maven.org/maven2/org/apache/logging/logging-parent/1/
Downloading https://repo1.maven.org/maven2/org/apache/apache/18/apache-18.pom.sha1
Downloading https://repo1.maven.org/maven2/org/apache/apache/18/apache-18.pom
Downloaded https://repo1.maven.org/maven2/org/apache/apache/18/apache-18.pom.sha1
Downloaded https://repo1.maven.org/maven2/org/apache/apache/18/apache-18.pom
Downloading https://repo1.maven.org/maven2/org/apache/apache/18/
Downloaded https://repo1.maven.org/maven2/org/apache/apache/18/
Downloading https://repo1.maven.org/maven2/org/typelevel/cats-macros_2.12/1.1.0/cats-macros_2.12-1.1.0.pom.sha1
Downloading https://repo1.maven.org/maven2/com/squareup/okio/okio/1.12.0/okio-1.12.0.pom
Downloading https://repo1.maven.org/maven2/org/typelevel/cats-macros_2.12/1.1.0/cats-macros_2.12-1.1.0.pom
Downloading https://repo1.maven.org/maven2/com/squareup/okio/okio/1.12.0/okio-1.12.0.pom.sha1
Downloading https://repo1.maven.org/maven2/com/outr/perfolation_2.12/1.0.2/perfolation_2.12-1.0.2.pom.sha1
Downloading https://repo1.maven.org/maven2/com/outr/perfolation_2.12/1.0.2/perfolation_2.12-1.0.2.pom
Downloaded https://repo1.maven.org/maven2/org/typelevel/cats-macros_2.12/1.1.0/cats-macros_2.12-1.1.0.pom.sha1
Downloading https://repo1.maven.org/maven2/com/outr/scribe-macros_2.12/2.5.0/scribe-macros_2.12-2.5.0.pom.sha1
Downloaded https://repo1.maven.org/maven2/com/outr/perfolation_2.12/1.0.2/perfolation_2.12-1.0.2.pom.sha1
Downloading https://repo1.maven.org/maven2/com/outr/scribe-macros_2.12/2.5.0/scribe-macros_2.12-2.5.0.pom
Downloaded https://repo1.maven.org/maven2/com/outr/perfolation_2.12/1.0.2/perfolation_2.12-1.0.2.pom
Downloading https://repo1.maven.org/maven2/com/typesafe/ssl-config-core_2.12/0.2.2/ssl-config-core_2.12-0.2.2.pom.sha1
Downloaded https://repo1.maven.org/maven2/org/typelevel/cats-macros_2.12/1.1.0/cats-macros_2.12-1.1.0.pom
Downloading https://repo1.maven.org/maven2/com/typesafe/ssl-config-core_2.12/0.2.2/ssl-config-core_2.12-0.2.2.pom
Downloaded https://repo1.maven.org/maven2/com/squareup/okio/okio/1.12.0/okio-1.12.0.pom.sha1
Downloading https://repo1.maven.org/maven2/org/typelevel/cats-kernel_2.12/1.1.0/cats-kernel_2.12-1.1.0.pom
Downloaded https://repo1.maven.org/maven2/com/outr/scribe-macros_2.12/2.5.0/scribe-macros_2.12-2.5.0.pom
Downloading https://repo1.maven.org/maven2/org/typelevel/cats-kernel_2.12/1.1.0/cats-kernel_2.12-1.1.0.pom.sha1
Downloaded https://repo1.maven.org/maven2/com/outr/scribe-macros_2.12/2.5.0/scribe-macros_2.12-2.5.0.pom.sha1
Downloading https://repo1.maven.org/maven2/com/lihaoyi/fastparse-utils_2.12/1.0.0/
Downloaded https://repo1.maven.org/maven2/com/typesafe/ssl-config-core_2.12/0.2.2/ssl-config-core_2.12-0.2.2.pom
Downloading https://repo1.maven.org/maven2/com/eed3si9n/shaded-scalajson_2.12/1.0.0-M4/shaded-scalajson_2.12-1.0.0-M4.pom
Downloaded https://repo1.maven.org/maven2/org/typelevel/cats-kernel_2.12/1.1.0/cats-kernel_2.12-1.1.0.pom
Downloading https://repo1.maven.org/maven2/com/eed3si9n/shaded-scalajson_2.12/1.0.0-M4/shaded-scalajson_2.12-1.0.0-M4.pom.sha1
Downloaded https://repo1.maven.org/maven2/com/typesafe/ssl-config-core_2.12/0.2.2/ssl-config-core_2.12-0.2.2.pom.sha1
Downloading https://repo1.maven.org/maven2/com/outr/perfolation_2.12/1.0.2/
Downloaded https://repo1.maven.org/maven2/com/squareup/okio/okio/1.12.0/okio-1.12.0.pom
Downloading https://repo1.maven.org/maven2/org/typelevel/cats-macros_2.12/1.1.0/
Downloaded https://repo1.maven.org/maven2/org/typelevel/cats-kernel_2.12/1.1.0/cats-kernel_2.12-1.1.0.pom.sha1
Downloading https://repo1.maven.org/maven2/com/outr/scribe-macros_2.12/2.5.0/
Downloaded https://repo1.maven.org/maven2/com/lihaoyi/fastparse-utils_2.12/1.0.0/
Downloading https://repo1.maven.org/maven2/com/typesafe/ssl-config-core_2.12/0.2.2/
Downloaded https://repo1.maven.org/maven2/com/eed3si9n/shaded-scalajson_2.12/1.0.0-M4/shaded-scalajson_2.12-1.0.0-M4.pom.sha1
Downloading https://repo1.maven.org/maven2/com/squareup/okio/okio/1.12.0/
Downloaded https://repo1.maven.org/maven2/com/eed3si9n/shaded-scalajson_2.12/1.0.0-M4/shaded-scalajson_2.12-1.0.0-M4.pom
Downloading https://repo1.maven.org/maven2/org/typelevel/cats-kernel_2.12/1.1.0/
Downloaded https://repo1.maven.org/maven2/com/outr/perfolation_2.12/1.0.2/
Downloading https://repo1.maven.org/maven2/com/eed3si9n/shaded-scalajson_2.12/1.0.0-M4/
Downloaded https://repo1.maven.org/maven2/org/typelevel/cats-macros_2.12/1.1.0/
Downloaded https://repo1.maven.org/maven2/com/outr/scribe-macros_2.12/2.5.0/
Downloaded https://repo1.maven.org/maven2/com/squareup/okio/okio/1.12.0/
Downloaded https://repo1.maven.org/maven2/com/typesafe/ssl-config-core_2.12/0.2.2/
Downloaded https://repo1.maven.org/maven2/org/typelevel/cats-kernel_2.12/1.1.0/
Downloaded https://repo1.maven.org/maven2/com/eed3si9n/shaded-scalajson_2.12/1.0.0-M4/
Downloading https://repo1.maven.org/maven2/com/squareup/okio/okio-parent/1.12.0/okio-parent-1.12.0.pom
Downloading https://repo1.maven.org/maven2/com/squareup/okio/okio-parent/1.12.0/okio-parent-1.12.0.pom.sha1
Downloaded https://repo1.maven.org/maven2/com/squareup/okio/okio-parent/1.12.0/okio-parent-1.12.0.pom
Downloaded https://repo1.maven.org/maven2/com/squareup/okio/okio-parent/1.12.0/okio-parent-1.12.0.pom.sha1
Downloading https://repo1.maven.org/maven2/com/squareup/okio/okio-parent/1.12.0/
Downloaded https://repo1.maven.org/maven2/com/squareup/okio/okio-parent/1.12.0/
Downloading https://repo1.maven.org/maven2/com/typesafe/config/1.2.0/config-1.2.0.pom
Downloading https://repo1.maven.org/maven2/com/outr/perfolation-macros_2.12/1.0.2/perfolation-macros_2.12-1.0.2.pom
Downloading https://repo1.maven.org/maven2/com/typesafe/config/1.2.0/config-1.2.0.pom.sha1
Downloading https://repo1.maven.org/maven2/com/outr/perfolation-macros_2.12/1.0.2/perfolation-macros_2.12-1.0.2.pom.sha1
Downloaded https://repo1.maven.org/maven2/com/typesafe/config/1.2.0/config-1.2.0.pom
Downloaded https://repo1.maven.org/maven2/com/typesafe/config/1.2.0/config-1.2.0.pom.sha1
Downloading https://repo1.maven.org/maven2/com/typesafe/config/1.2.0/
Downloaded https://repo1.maven.org/maven2/com/outr/perfolation-macros_2.12/1.0.2/perfolation-macros_2.12-1.0.2.pom.sha1
Downloaded https://repo1.maven.org/maven2/com/outr/perfolation-macros_2.12/1.0.2/perfolation-macros_2.12-1.0.2.pom
Downloading https://repo1.maven.org/maven2/com/outr/perfolation-macros_2.12/1.0.2/
Downloaded https://repo1.maven.org/maven2/com/typesafe/config/1.2.0/
Downloaded https://repo1.maven.org/maven2/com/outr/perfolation-macros_2.12/1.0.2/
The server is listening for incoming connections at tcp://127.0.0.1:30316...
Accepted incoming BSP client connection at tcp://127.0.0.1:30316
INFO  tracing is disabled for protocol BSP, to enable tracing of incoming and outgoing JSON messages create an empty file at C:\Users\FrankZhang(AWARE)\AppData\Local\scalameta\metals\cache\bsp.trace.json
request received: build/initialize
INFO  time: connected to build server in 36s
BSP initialization handshake complete.
INFO  time: imported build in 0.15s
INFO  time: indexed workspace in 2.79s
WARN  no build target: 
Downloading https://repo1.maven.org/maven2/org/scalameta/mtags_2.11.12/0.6.1/mtags_2.11.12-0.6.1.pom.sha1
Downloading https://repo1.maven.org/maven2/org/scalameta/mtags_2.11.12/0.6.1/mtags_2.11.12-0.6.1.pom
Downloaded https://repo1.maven.org/maven2/org/scalameta/mtags_2.11.12/0.6.1/mtags_2.11.12-0.6.1.pom.sha1
Downloaded https://repo1.maven.org/maven2/org/scalameta/mtags_2.11.12/0.6.1/mtags_2.11.12-0.6.1.pom
Downloading https://repo1.maven.org/maven2/org/scalameta/mtags_2.11.12/0.6.1/
INFO  compiling root (2 scala sources)
Downloaded https://repo1.maven.org/maven2/org/scalameta/mtags_2.11.12/0.6.1/
INFO  Non-compiled module 'compiler-bridge_2.11' for Scala 2.11.12. Compiling...
INFO    Compilation completed in 11.742s.
INFO  time: compiled root in 28s
INFO  compiling root-test (1 scala source)
INFO  time: compiled root-test in 1.8s
INFO  compiling root (1 scala source)
INFO  time: compiled root in 0.3s
ERROR Failed to compile 'root'
INFO  compiling root (1 scala source)
INFO  time: compiled root in 0.24s
ERROR Failed to compile 'root'
INFO  compiling root (1 scala source)
INFO  time: compiled root in 0.26s
ERROR Failed to compile 'root'
INFO  compiling root (1 scala source)
INFO  time: compiled root in 0.24s
ERROR Failed to compile 'root'
INFO  compiling root (1 scala source)
INFO  time: compiled root in 0.23s
ERROR Failed to compile 'root'
INFO  compiling root (1 scala source)
INFO  time: compiled root in 0.28s
ERROR Failed to compile 'root'
INFO  compiling root (1 scala source)
INFO  time: compiled root in 0.22s
ERROR Failed to compile 'root'
INFO  compiling root (1 scala source)
INFO  time: compiled root in 0.27s
ERROR Failed to compile 'root'
INFO  compiling root (1 scala source)
INFO  time: compiled root in 0.26s
ERROR Failed to compile 'root'
INFO  compiling root (1 scala source)
INFO  time: compiled root in 0.23s
ERROR Failed to compile 'root'
INFO  compiling root (1 scala source)
INFO  time: compiled root in 0.88s
something's wrong: no file:///d%3A/example/src/main/scala/example/Lists.scala in List[<error>]RangePosition(file:///d%3A/example/src/main/scala/example/Lists.scala, 1544, 1544, 1558)
something's wrong: no file:///d%3A/example/src/main/scala/example/Lists.scala in List[<error>]RangePosition(file:///d%3A/example/src/main/scala/example/Lists.scala, 1544, 1544, 1551)
something's wrong: no file:///d%3A/example/src/main/scala/example/Lists.scala in List[<error>]RangePosition(file:///d%3A/example/src/main/scala/example/Lists.scala, 1544, 1544, 1558)
something's wrong: no file:///d%3A/example/src/main/scala/example/Lists.scala in List[<error>]RangePosition(file:///d%3A/example/src/main/scala/example/Lists.scala, 1544, 1544, 1551)
something's wrong: no file:///d%3A/example/src/main/scala/example/Lists.scala in List[<error>]RangePosition(file:///d%3A/example/src/main/scala/example/Lists.scala, 1544, 1544, 1553)
something's wrong: no file:///d%3A/example/src/main/scala/example/Lists.scala in List[<error>]RangePosition(file:///d%3A/example/src/main/scala/example/Lists.scala, 1544, 1544, 1552)
something's wrong: no file:///d%3A/example/src/main/scala/example/Lists.scala in List[<error>]RangePosition(file:///d%3A/example/src/main/scala/example/Lists.scala, 1544, 1544, 1551)
something's wrong: no file:///d%3A/example/src/main/scala/example/Lists.scala in List[<error>]RangePosition(file:///d%3A/example/src/main/scala/example/Lists.scala, 1544, 1544, 1558)
something's wrong: no file:///d%3A/example/src/main/scala/example/Lists.scala in List[<error>]RangePosition(file:///d%3A/example/src/main/scala/example/Lists.scala, 1544, 1544, 1551)
something's wrong: no file:///d%3A/example/src/main/scala/example/Lists.scala in List[<error>]RangePosition(file:///d%3A/example/src/main/scala/example/Lists.scala, 1544, 1544, 1552)
something's wrong: no file:///d%3A/example/src/main/scala/example/Lists.scala in List[Int]RangePosition(file:///d%3A/example/src/main/scala/example/Lists.scala, 1544, 1544, 1553)
something's wrong: no file:///d%3A/example/src/main/scala/example/Lists.scala in List[Int]RangePosition(file:///d%3A/example/src/main/scala/example/Lists.scala, 1544, 1544, 1553)
something's wrong: no file:///d%3A/example/src/main/scala/example/Lists.scala in List[Int]RangePosition(file:///d%3A/example/src/main/scala/example/Lists.scala, 1544, 1544, 1553)
something's wrong: no file:///d%3A/example/src/main/scala/example/Lists.scala in List[Int]RangePosition(file:///d%3A/example/src/main/scala/example/Lists.scala, 1544, 1544, 1553)
INFO  compiling root (1 scala source)
INFO  time: compiled root in 0.29s
ERROR Failed to compile 'root'
INFO  compiling root (1 scala source)
INFO  time: compiled root in 0.27s
ERROR Failed to compile 'root'
INFO  compiling root (1 scala source)
INFO  time: compiled root in 0.28s
ERROR Failed to compile 'root'
INFO  compiling root (1 scala source)
INFO  time: compiled root in 0.26s
ERROR Failed to compile 'root'
something's wrong: no file:///d%3A/example/src/main/scala/example/Lists.scala in List[Int]RangePosition(file:///d%3A/example/src/main/scala/example/Lists.scala, 1605, 1605, 1614)
INFO  compiling root (1 scala source)
INFO  time: compiled root in 0.25s
ERROR Failed to compile 'root'
INFO  compiling root (1 scala source)
INFO  time: compiled root in 0.26s
ERROR Failed to compile 'root'
INFO  compiling root (1 scala source)
INFO  time: compiled root in 0.23s
ERROR Failed to compile 'root'
INFO  compiling root (1 scala source)
INFO  time: compiled root in 0.25s
ERROR Failed to compile 'root'
INFO  compiling root (1 scala source)
INFO  time: compiled root in 0.94s
Aug 21, 2019 10:56:27 AM scala.meta.internal.pc.CompilerAccess handleError
SEVERE: null
java.lang.NullPointerException
	at scala.meta.internal.pc.HoverProvider.hover(HoverProvider.scala:37)

Aug 21, 2019 11:12:37 AM scala.meta.internal.pc.CompilerAccess handleError
SEVERE: null
java.lang.NullPointerException
	at scala.meta.internal.pc.HoverProvider.seenFromType(HoverProvider.scala:106)
	at scala.meta.internal.pc.HoverProvider.hover(HoverProvider.scala:42)

INFO  compiling root-test (1 scala source)
WARN  there was one feature warning; re-run with -feature for details
INFO  time: compiled root-test in 1.41s
Aug 21, 2019 11:14:58 AM scala.meta.internal.pc.CompilerAccess handleError
SEVERE: null
java.lang.NullPointerException
	at scala.meta.internal.pc.HoverProvider.seenFromType(HoverProvider.scala:106)
	at scala.meta.internal.pc.HoverProvider.hover(HoverProvider.scala:42)

INFO  compiling root-test (1 scala source)
INFO  time: compiled root-test in 0.39s
ERROR Failed to compile 'root-test'
INFO  compiling root-test (1 scala source)
INFO  time: compiled root-test in 0.34s
ERROR Failed to compile 'root-test'
INFO  compiling root-test (1 scala source)
WARN  there was one feature warning; re-run with -feature for details
INFO  time: compiled root-test in 1.41s
INFO  compiling root-test (1 scala source)
WARN  there was one feature warning; re-run with -feature for details
INFO  time: compiled root-test in 1.28s
INFO  shutting down Metals
shutdown request received: build/shutdown
Client in d:\example\.bloop triggered cancellation. Cancelling tasks...
[0m[31m[E][0m BSP server cancelled, closing socket...
INFO  bloop exit: 0
